17-Oct-2020 17:13:28.324 INFO [main] org.apache.catalina.startup.VersionLoggerListener.log Server version name:   Apache Tomcat/9.0.38
17-Oct-2020 17:13:28.329 INFO [main] org.apache.catalina.startup.VersionLoggerListener.log Server built:          Sep 10 2020 08:20:30 UTC
17-Oct-2020 17:13:28.329 INFO [main] org.apache.catalina.startup.VersionLoggerListener.log Server version number: 9.0.38.0
17-Oct-2020 17:13:28.329 INFO [main] org.apache.catalina.startup.VersionLoggerListener.log OS Name:               Windows 10
17-Oct-2020 17:13:28.329 INFO [main] org.apache.catalina.startup.VersionLoggerListener.log OS Version:            10.0
17-Oct-2020 17:13:28.330 INFO [main] org.apache.catalina.startup.VersionLoggerListener.log Architecture:          amd64
17-Oct-2020 17:13:28.330 INFO [main] org.apache.catalina.startup.VersionLoggerListener.log Java Home:             C:\Program Files\Java\jre1.8.0_261
17-Oct-2020 17:13:28.330 INFO [main] org.apache.catalina.startup.VersionLoggerListener.log JVM Version:           1.8.0_261-b12
17-Oct-2020 17:13:28.330 INFO [main] org.apache.catalina.startup.VersionLoggerListener.log JVM Vendor:            Oracle Corporation
17-Oct-2020 17:13:28.330 INFO [main] org.apache.catalina.startup.VersionLoggerListener.log CATALINA_BASE:         C:\Users\ellerbee_james1\Documents\GitHub\mathLanguageWebApp\tomcat
17-Oct-2020 17:13:28.330 INFO [main] org.apache.catalina.startup.VersionLoggerListener.log CATALINA_HOME:         C:\Users\ellerbee_james1\Documents\GitHub\mathLanguageWebApp\tomcat
17-Oct-2020 17:13:28.334 INFO [main] org.apache.catalina.startup.VersionLoggerListener.log Command line argument: -Djava.util.logging.config.file=C:\Users\ellerbee_james1\Documents\GitHub\mathLanguageWebApp\tomcat\conf\logging.properties
17-Oct-2020 17:13:28.334 INFO [main] org.apache.catalina.startup.VersionLoggerListener.log Command line argument: -Djava.util.logging.manager=org.apache.juli.ClassLoaderLogManager
17-Oct-2020 17:13:28.334 INFO [main] org.apache.catalina.startup.VersionLoggerListener.log Command line argument: -Djdk.tls.ephemeralDHKeySize=2048
17-Oct-2020 17:13:28.334 INFO [main] org.apache.catalina.startup.VersionLoggerListener.log Command line argument: -Djava.protocol.handler.pkgs=org.apache.catalina.webresources
17-Oct-2020 17:13:28.334 INFO [main] org.apache.catalina.startup.VersionLoggerListener.log Command line argument: -Dignore.endorsed.dirs=
17-Oct-2020 17:13:28.335 INFO [main] org.apache.catalina.startup.VersionLoggerListener.log Command line argument: -Dcatalina.base=C:\Users\ellerbee_james1\Documents\GitHub\mathLanguageWebApp\tomcat
17-Oct-2020 17:13:28.335 INFO [main] org.apache.catalina.startup.VersionLoggerListener.log Command line argument: -Dcatalina.home=C:\Users\ellerbee_james1\Documents\GitHub\mathLanguageWebApp\tomcat
17-Oct-2020 17:13:28.335 INFO [main] org.apache.catalina.startup.VersionLoggerListener.log Command line argument: -Djava.io.tmpdir=C:\Users\ellerbee_james1\Documents\GitHub\mathLanguageWebApp\tomcat\temp
17-Oct-2020 17:13:28.342 INFO [main] org.apache.catalina.core.AprLifecycleListener.lifecycleEvent The Apache Tomcat Native library which allows using OpenSSL was not found on the java.library.path: [C:\Program Files\Java\jre1.8.0_261\bin;C:\WINDOWS\Sun\Java\bin;C:\WINDOWS\system32;C:\WINDOWS;C:\Program Files\Rockwell Software\RSCommon;C:\xpressmp\bin;C:\xpressmp\workbench;C:\Program Files (x86)\Common Files\Oracle\Java\javapath;C:\Windows\system32;C:\Windows;C:\Windows\System32\Wbem;C:\Windows\System32\WindowsPowerShell\v1.0\;C:\Windows\System32\OpenSSH\;C:\Program Files\dotnet\;C:\Program Files\Microsoft SQL Server\130\Tools\Binn\;C:\Program Files (x86)\GtkSharp\2.12\bin;C:\Program Files\NVIDIA Corporation\NVIDIA NvDLISR;C:\Program Files\Git\cmd;C:\Program Files\nodejs\;C:\WINDOWS\system32;C:\WINDOWS;C:\WINDOWS\System32\Wbem;C:\WINDOWS\System32\WindowsPowerShell\v1.0\;C:\WINDOWS\System32\OpenSSH\;C:\Program Files (x86)\NVIDIA Corporation\PhysX\Common;C:\Program Files\Java\jdk8\bin;C:\Program Files\PowerShell\7-preview\preview;C:\Program Files\PostgreSQL\12\bin;C:\Program Files\PostgreSQL\12\lib;C:\Program Files (x86)\PuTTY\;C:\Program Files\MySQL\MySQL Shell 8.0\bin\;C:\Users\ellerbee_james1\.cargo\bin;C:\Users\ellerbee_james1\AppData\Local\Microsoft\WindowsApps;C:\Users\ellerbee_james1\AppData\Local\atom\bin;C:\Users\ellerbee_james1\AppData\Local\GitHubDesktop\bin;E:\Microsoft VS Code\bin;E:\Program Files\IntelliJ IDEA Community Edition 2019.1.1\bin;C:\Users\ellerbee_james1\AppData\Roaming\npm;C:\Users\ellerbee_james1\AppData\Local\Microsoft\WindowsApps;C:\Program Files\JetBrains\PyCharm Community Edition 2019.3.4\bin;C:\Program Files\heroku\bin;.]
17-Oct-2020 17:13:28.683 INFO [main] org.apache.coyote.AbstractProtocol.init Initializing ProtocolHandler ["http-nio-8080"]
17-Oct-2020 17:13:28.836 INFO [main] org.apache.catalina.startup.Catalina.load Server initialization in [722] milliseconds
17-Oct-2020 17:13:28.859 INFO [main] org.apache.catalina.core.StandardService.startInternal Starting service [Catalina]
17-Oct-2020 17:13:28.860 INFO [main] org.apache.catalina.core.StandardEngine.startInternal Starting Servlet engine: [Apache Tomcat/9.0.38]
17-Oct-2020 17:13:29.076 INFO [main] org.apache.catalina.startup.HostConfig.deployDirectory Deploying web application directory [C:\Users\ellerbee_james1\Documents\GitHub\mathLanguageWebApp\tomcat\webapps\host-manager]
17-Oct-2020 17:13:29.109 INFO [main] org.apache.catalina.startup.HostConfig.deployDirectory Deployment of web application directory [C:\Users\ellerbee_james1\Documents\GitHub\mathLanguageWebApp\tomcat\webapps\host-manager] has finished in [33] ms
17-Oct-2020 17:13:29.110 INFO [main] org.apache.catalina.startup.HostConfig.deployDirectory Deploying web application directory [C:\Users\ellerbee_james1\Documents\GitHub\mathLanguageWebApp\tomcat\webapps\manager]
17-Oct-2020 17:13:29.137 INFO [main] org.apache.catalina.startup.HostConfig.deployDirectory Deployment of web application directory [C:\Users\ellerbee_james1\Documents\GitHub\mathLanguageWebApp\tomcat\webapps\manager] has finished in [27] ms
17-Oct-2020 17:13:29.138 INFO [main] org.apache.catalina.startup.HostConfig.deployDirectory Deploying web application directory [C:\Users\ellerbee_james1\Documents\GitHub\mathLanguageWebApp\tomcat\webapps\mathApp]
17-Oct-2020 17:13:29.157 INFO [main] org.apache.catalina.startup.HostConfig.deployDirectory Deployment of web application directory [C:\Users\ellerbee_james1\Documents\GitHub\mathLanguageWebApp\tomcat\webapps\mathApp] has finished in [18] ms
17-Oct-2020 17:13:29.170 INFO [main] org.apache.coyote.AbstractProtocol.start Starting ProtocolHandler ["http-nio-8080"]
17-Oct-2020 17:13:29.178 INFO [main] org.apache.catalina.startup.Catalina.start Server startup in [341] milliseconds
17-Oct-2020 17:19:09.332 INFO [Catalina-utility-2] org.apache.catalina.core.StandardContext.reload Reloading Context with name [] has started
17-Oct-2020 17:19:09.414 INFO [Catalina-utility-2] org.apache.catalina.core.StandardContext.reload Reloading Context with name [] is completed
17-Oct-2020 17:19:09.416 INFO [Catalina-utility-2] org.apache.catalina.core.StandardContext.reload Reloading Context with name [/mathApp] has started
17-Oct-2020 17:19:09.461 INFO [Catalina-utility-2] org.apache.catalina.core.StandardContext.reload Reloading Context with name [/mathApp] is completed
17-Oct-2020 17:22:49.555 INFO [Catalina-utility-1] org.apache.catalina.core.StandardContext.reload Reloading Context with name [] has started
17-Oct-2020 17:22:49.596 INFO [Catalina-utility-1] org.apache.catalina.core.StandardContext.reload Reloading Context with name [] is completed
17-Oct-2020 17:22:49.597 INFO [Catalina-utility-1] org.apache.catalina.core.StandardContext.reload Reloading Context with name [/mathApp] has started
17-Oct-2020 17:22:49.631 INFO [Catalina-utility-1] org.apache.catalina.core.StandardContext.reload Reloading Context with name [/mathApp] is completed
17-Oct-2020 17:25:19.713 INFO [Catalina-utility-2] org.apache.catalina.core.StandardContext.reload Reloading Context with name [] has started
17-Oct-2020 17:25:19.792 INFO [Catalina-utility-2] org.apache.catalina.core.StandardContext.reload Reloading Context with name [] is completed
17-Oct-2020 17:25:19.794 INFO [Catalina-utility-2] org.apache.catalina.core.StandardContext.reload Reloading Context with name [/mathApp] has started
17-Oct-2020 17:25:19.855 INFO [Catalina-utility-2] org.apache.catalina.core.StandardContext.reload Reloading Context with name [/mathApp] is completed
17-Oct-2020 17:30:00.023 INFO [Catalina-utility-1] org.apache.catalina.core.StandardContext.reload Reloading Context with name [] has started
17-Oct-2020 17:30:35.798 INFO [Catalina-utility-1] org.apache.catalina.core.StandardContext.reload Reloading Context with name [] is completed
17-Oct-2020 17:30:35.799 INFO [Catalina-utility-1] org.apache.catalina.core.StandardContext.reload Reloading Context with name [/mathApp] has started
17-Oct-2020 17:30:35.834 INFO [Catalina-utility-1] org.apache.catalina.core.StandardContext.reload Reloading Context with name [/mathApp] is completed
17-Oct-2020 17:56:52.247 INFO [Thread-4] org.apache.coyote.AbstractProtocol.pause Pausing ProtocolHandler ["http-nio-8080"]
17-Oct-2020 17:56:52.383 INFO [Thread-4] org.apache.catalina.core.StandardService.stopInternal Stopping service [Catalina]
17-Oct-2020 17:56:52.394 INFO [Thread-4] org.apache.coyote.AbstractProtocol.stop Stopping ProtocolHandler ["http-nio-8080"]
17-Oct-2020 17:56:52.434 INFO [Thread-4] org.apache.coyote.AbstractProtocol.destroy Destroying ProtocolHandler ["http-nio-8080"]
17-Oct-2020 18:47:48.466 INFO [main] org.apache.catalina.startup.VersionLoggerListener.log Server version name:   Apache Tomcat/9.0.38
17-Oct-2020 18:47:48.468 INFO [main] org.apache.catalina.startup.VersionLoggerListener.log Server built:          Sep 10 2020 08:20:30 UTC
17-Oct-2020 18:47:48.469 INFO [main] org.apache.catalina.startup.VersionLoggerListener.log Server version number: 9.0.38.0
17-Oct-2020 18:47:48.469 INFO [main] org.apache.catalina.startup.VersionLoggerListener.log OS Name:               Windows 10
17-Oct-2020 18:47:48.469 INFO [main] org.apache.catalina.startup.VersionLoggerListener.log OS Version:            10.0
17-Oct-2020 18:47:48.470 INFO [main] org.apache.catalina.startup.VersionLoggerListener.log Architecture:          amd64
17-Oct-2020 18:47:48.470 INFO [main] org.apache.catalina.startup.VersionLoggerListener.log Java Home:             C:\Program Files\Java\jre1.8.0_261
17-Oct-2020 18:47:48.470 INFO [main] org.apache.catalina.startup.VersionLoggerListener.log JVM Version:           1.8.0_261-b12
17-Oct-2020 18:47:48.470 INFO [main] org.apache.catalina.startup.VersionLoggerListener.log JVM Vendor:            Oracle Corporation
17-Oct-2020 18:47:48.470 INFO [main] org.apache.catalina.startup.VersionLoggerListener.log CATALINA_BASE:         C:\Users\ellerbee_james1\Documents\GitHub\mathLanguageWebApp\tomcat
17-Oct-2020 18:47:48.470 INFO [main] org.apache.catalina.startup.VersionLoggerListener.log CATALINA_HOME:         C:\Users\ellerbee_james1\Documents\GitHub\mathLanguageWebApp\tomcat
17-Oct-2020 18:47:48.470 INFO [main] org.apache.catalina.startup.VersionLoggerListener.log Command line argument: -Djava.util.logging.config.file=C:\Users\ellerbee_james1\Documents\GitHub\mathLanguageWebApp\tomcat\conf\logging.properties
17-Oct-2020 18:47:48.470 INFO [main] org.apache.catalina.startup.VersionLoggerListener.log Command line argument: -Djava.util.logging.manager=org.apache.juli.ClassLoaderLogManager
17-Oct-2020 18:47:48.471 INFO [main] org.apache.catalina.startup.VersionLoggerListener.log Command line argument: -Djdk.tls.ephemeralDHKeySize=2048
17-Oct-2020 18:47:48.471 INFO [main] org.apache.catalina.startup.VersionLoggerListener.log Command line argument: -Djava.protocol.handler.pkgs=org.apache.catalina.webresources
17-Oct-2020 18:47:48.471 INFO [main] org.apache.catalina.startup.VersionLoggerListener.log Command line argument: -Dignore.endorsed.dirs=
17-Oct-2020 18:47:48.471 INFO [main] org.apache.catalina.startup.VersionLoggerListener.log Command line argument: -Dcatalina.base=C:\Users\ellerbee_james1\Documents\GitHub\mathLanguageWebApp\tomcat
17-Oct-2020 18:47:48.473 INFO [main] org.apache.catalina.startup.VersionLoggerListener.log Command line argument: -Dcatalina.home=C:\Users\ellerbee_james1\Documents\GitHub\mathLanguageWebApp\tomcat
17-Oct-2020 18:47:48.473 INFO [main] org.apache.catalina.startup.VersionLoggerListener.log Command line argument: -Djava.io.tmpdir=C:\Users\ellerbee_james1\Documents\GitHub\mathLanguageWebApp\tomcat\temp
17-Oct-2020 18:47:48.478 INFO [main] org.apache.catalina.core.AprLifecycleListener.lifecycleEvent The Apache Tomcat Native library which allows using OpenSSL was not found on the java.library.path: [C:\Program Files\Java\jre1.8.0_261\bin;C:\WINDOWS\Sun\Java\bin;C:\WINDOWS\system32;C:\WINDOWS;C:\Program Files\Rockwell Software\RSCommon;C:\xpressmp\bin;C:\xpressmp\workbench;C:\Program Files (x86)\Common Files\Oracle\Java\javapath;C:\Windows\system32;C:\Windows;C:\Windows\System32\Wbem;C:\Windows\System32\WindowsPowerShell\v1.0\;C:\Windows\System32\OpenSSH\;C:\Program Files\dotnet\;C:\Program Files\Microsoft SQL Server\130\Tools\Binn\;C:\Program Files (x86)\GtkSharp\2.12\bin;C:\Program Files\NVIDIA Corporation\NVIDIA NvDLISR;C:\Program Files\Git\cmd;C:\Program Files\nodejs\;C:\WINDOWS\system32;C:\WINDOWS;C:\WINDOWS\System32\Wbem;C:\WINDOWS\System32\WindowsPowerShell\v1.0\;C:\WINDOWS\System32\OpenSSH\;C:\Program Files (x86)\NVIDIA Corporation\PhysX\Common;C:\Program Files\Java\jdk8\bin;C:\Program Files\PowerShell\7-preview\preview;C:\Program Files\PostgreSQL\12\bin;C:\Program Files\PostgreSQL\12\lib;C:\Program Files (x86)\PuTTY\;C:\Program Files\MySQL\MySQL Shell 8.0\bin\;C:\Users\ellerbee_james1\.cargo\bin;C:\Users\ellerbee_james1\AppData\Local\Microsoft\WindowsApps;C:\Users\ellerbee_james1\AppData\Local\atom\bin;C:\Users\ellerbee_james1\AppData\Local\GitHubDesktop\bin;E:\Microsoft VS Code\bin;E:\Program Files\IntelliJ IDEA Community Edition 2019.1.1\bin;C:\Users\ellerbee_james1\AppData\Roaming\npm;C:\Users\ellerbee_james1\AppData\Local\Microsoft\WindowsApps;C:\Program Files\JetBrains\PyCharm Community Edition 2019.3.4\bin;C:\Program Files\heroku\bin;.]
17-Oct-2020 18:47:48.717 INFO [main] org.apache.coyote.AbstractProtocol.init Initializing ProtocolHandler ["http-nio-80"]
17-Oct-2020 18:47:48.861 INFO [main] org.apache.catalina.startup.Catalina.load Server initialization in [543] milliseconds
17-Oct-2020 18:47:48.885 INFO [main] org.apache.catalina.core.StandardService.startInternal Starting service [Catalina]
17-Oct-2020 18:47:48.886 INFO [main] org.apache.catalina.core.StandardEngine.startInternal Starting Servlet engine: [Apache Tomcat/9.0.38]
17-Oct-2020 18:47:49.097 INFO [main] org.apache.catalina.startup.HostConfig.deployDirectory Deploying web application directory [C:\Users\ellerbee_james1\Documents\GitHub\mathLanguageWebApp\tomcat\webapps\host-manager]
17-Oct-2020 18:47:49.130 INFO [main] org.apache.catalina.startup.HostConfig.deployDirectory Deployment of web application directory [C:\Users\ellerbee_james1\Documents\GitHub\mathLanguageWebApp\tomcat\webapps\host-manager] has finished in [32] ms
17-Oct-2020 18:47:49.130 INFO [main] org.apache.catalina.startup.HostConfig.deployDirectory Deploying web application directory [C:\Users\ellerbee_james1\Documents\GitHub\mathLanguageWebApp\tomcat\webapps\manager]
17-Oct-2020 18:47:49.154 INFO [main] org.apache.catalina.startup.HostConfig.deployDirectory Deployment of web application directory [C:\Users\ellerbee_james1\Documents\GitHub\mathLanguageWebApp\tomcat\webapps\manager] has finished in [24] ms
17-Oct-2020 18:47:49.154 INFO [main] org.apache.catalina.startup.HostConfig.deployDirectory Deploying web application directory [C:\Users\ellerbee_james1\Documents\GitHub\mathLanguageWebApp\tomcat\webapps\mathApp]
17-Oct-2020 18:47:49.184 INFO [main] org.apache.catalina.startup.HostConfig.deployDirectory Deployment of web application directory [C:\Users\ellerbee_james1\Documents\GitHub\mathLanguageWebApp\tomcat\webapps\mathApp] has finished in [30] ms
17-Oct-2020 18:47:49.189 INFO [main] org.apache.coyote.AbstractProtocol.start Starting ProtocolHandler ["http-nio-80"]
17-Oct-2020 18:47:49.197 INFO [main] org.apache.catalina.startup.Catalina.start Server startup in [335] milliseconds
17-Oct-2020 18:49:49.245 INFO [Catalina-utility-2] org.apache.catalina.core.StandardContext.reload Reloading Context with name [] has started
17-Oct-2020 18:49:49.295 INFO [Catalina-utility-2] org.apache.catalina.core.StandardContext.reload Reloading Context with name [] is completed
17-Oct-2020 18:49:49.295 INFO [Catalina-utility-2] org.apache.catalina.core.StandardContext.reload Reloading Context with name [/mathApp] has started
17-Oct-2020 18:49:49.313 INFO [Catalina-utility-2] org.apache.catalina.core.StandardContext.reload Reloading Context with name [/mathApp] is completed
17-Oct-2020 18:54:49.454 INFO [Catalina-utility-1] org.apache.catalina.core.StandardContext.reload Reloading Context with name [] has started
17-Oct-2020 18:54:49.494 INFO [Catalina-utility-1] org.apache.catalina.core.StandardContext.reload Reloading Context with name [] is completed
17-Oct-2020 18:54:49.495 INFO [Catalina-utility-1] org.apache.catalina.core.StandardContext.reload Reloading Context with name [/mathApp] has started
17-Oct-2020 18:54:49.521 INFO [Catalina-utility-1] org.apache.catalina.core.StandardContext.reload Reloading Context with name [/mathApp] is completed
17-Oct-2020 18:55:39.542 INFO [Catalina-utility-1] org.apache.catalina.core.StandardContext.reload Reloading Context with name [] has started
17-Oct-2020 18:55:39.563 INFO [Catalina-utility-1] org.apache.catalina.core.StandardContext.reload Reloading Context with name [] is completed
17-Oct-2020 18:55:39.564 INFO [Catalina-utility-1] org.apache.catalina.core.StandardContext.reload Reloading Context with name [/mathApp] has started
17-Oct-2020 18:55:39.581 INFO [Catalina-utility-1] org.apache.catalina.core.StandardContext.reload Reloading Context with name [/mathApp] is completed
17-Oct-2020 18:56:39.603 INFO [Catalina-utility-1] org.apache.catalina.core.StandardContext.reload Reloading Context with name [] has started
17-Oct-2020 18:56:39.627 INFO [Catalina-utility-1] org.apache.catalina.core.StandardContext.reload Reloading Context with name [] is completed
17-Oct-2020 18:56:39.627 INFO [Catalina-utility-1] org.apache.catalina.core.StandardContext.reload Reloading Context with name [/mathApp] has started
17-Oct-2020 18:56:39.644 INFO [Catalina-utility-1] org.apache.catalina.core.StandardContext.reload Reloading Context with name [/mathApp] is completed
17-Oct-2020 18:57:59.687 INFO [Catalina-utility-2] org.apache.catalina.core.StandardContext.reload Reloading Context with name [] has started
17-Oct-2020 18:57:59.706 INFO [Catalina-utility-2] org.apache.catalina.core.StandardContext.reload Reloading Context with name [] is completed
17-Oct-2020 18:57:59.706 INFO [Catalina-utility-2] org.apache.catalina.core.StandardContext.reload Reloading Context with name [/mathApp] has started
17-Oct-2020 18:57:59.721 INFO [Catalina-utility-2] org.apache.catalina.core.StandardContext.reload Reloading Context with name [/mathApp] is completed
17-Oct-2020 18:59:59.810 INFO [Catalina-utility-1] org.apache.catalina.core.StandardContext.reload Reloading Context with name [] has started
17-Oct-2020 18:59:59.858 INFO [Catalina-utility-1] org.apache.catalina.core.StandardContext.reload Reloading Context with name [] is completed
17-Oct-2020 18:59:59.858 INFO [Catalina-utility-1] org.apache.catalina.core.StandardContext.reload Reloading Context with name [/mathApp] has started
17-Oct-2020 18:59:59.878 INFO [Catalina-utility-1] org.apache.catalina.core.StandardContext.reload Reloading Context with name [/mathApp] is completed
17-Oct-2020 19:00:29.890 INFO [Catalina-utility-2] org.apache.catalina.core.StandardContext.reload Reloading Context with name [] has started
17-Oct-2020 19:00:29.912 INFO [Catalina-utility-2] org.apache.catalina.core.StandardContext.reload Reloading Context with name [] is completed
17-Oct-2020 19:00:29.913 INFO [Catalina-utility-2] org.apache.catalina.core.StandardContext.reload Reloading Context with name [/mathApp] has started
17-Oct-2020 19:00:29.929 INFO [Catalina-utility-2] org.apache.catalina.core.StandardContext.reload Reloading Context with name [/mathApp] is completed
17-Oct-2020 19:02:09.966 INFO [Catalina-utility-2] org.apache.catalina.core.StandardContext.reload Reloading Context with name [] has started
17-Oct-2020 19:02:09.991 INFO [Catalina-utility-2] org.apache.catalina.core.StandardContext.reload Reloading Context with name [] is completed
17-Oct-2020 19:02:09.992 INFO [Catalina-utility-2] org.apache.catalina.core.StandardContext.reload Reloading Context with name [/mathApp] has started
17-Oct-2020 19:02:10.008 INFO [Catalina-utility-2] org.apache.catalina.core.StandardContext.reload Reloading Context with name [/mathApp] is completed
17-Oct-2020 19:03:00.031 INFO [Catalina-utility-2] org.apache.catalina.core.StandardContext.reload Reloading Context with name [] has started
17-Oct-2020 19:03:00.069 INFO [Catalina-utility-2] org.apache.catalina.core.StandardContext.reload Reloading Context with name [] is completed
17-Oct-2020 19:03:00.070 INFO [Catalina-utility-2] org.apache.catalina.core.StandardContext.reload Reloading Context with name [/mathApp] has started
17-Oct-2020 19:03:00.095 INFO [Catalina-utility-2] org.apache.catalina.core.StandardContext.reload Reloading Context with name [/mathApp] is completed
17-Oct-2020 19:03:50.124 INFO [Catalina-utility-1] org.apache.catalina.core.StandardContext.reload Reloading Context with name [] has started
17-Oct-2020 19:03:50.172 INFO [Catalina-utility-1] org.apache.catalina.core.StandardContext.reload Reloading Context with name [] is completed
17-Oct-2020 19:03:50.172 INFO [Catalina-utility-1] org.apache.catalina.core.StandardContext.reload Reloading Context with name [/mathApp] has started
17-Oct-2020 19:03:50.197 INFO [Catalina-utility-1] org.apache.catalina.core.StandardContext.reload Reloading Context with name [/mathApp] is completed
17-Oct-2020 19:04:00.200 INFO [Catalina-utility-2] org.apache.catalina.core.StandardContext.reload Reloading Context with name [] has started
17-Oct-2020 19:04:00.218 INFO [Catalina-utility-2] org.apache.catalina.core.StandardContext.reload Reloading Context with name [] is completed
17-Oct-2020 19:04:00.219 INFO [Catalina-utility-2] org.apache.catalina.core.StandardContext.reload Reloading Context with name [/mathApp] has started
17-Oct-2020 19:04:00.239 INFO [Catalina-utility-2] org.apache.catalina.core.StandardContext.reload Reloading Context with name [/mathApp] is completed
17-Oct-2020 19:05:20.275 INFO [Catalina-utility-1] org.apache.catalina.core.StandardContext.reload Reloading Context with name [] has started
17-Oct-2020 19:05:20.294 INFO [Catalina-utility-1] org.apache.catalina.core.StandardContext.reload Reloading Context with name [] is completed
17-Oct-2020 19:05:20.295 INFO [Catalina-utility-1] org.apache.catalina.core.StandardContext.reload Reloading Context with name [/mathApp] has started
17-Oct-2020 19:05:20.310 INFO [Catalina-utility-1] org.apache.catalina.core.StandardContext.reload Reloading Context with name [/mathApp] is completed
17-Oct-2020 19:05:40.316 INFO [Catalina-utility-2] org.apache.catalina.core.StandardContext.reload Reloading Context with name [] has started
17-Oct-2020 19:05:40.329 INFO [Catalina-utility-2] org.apache.catalina.core.StandardContext.reload Reloading Context with name [] is completed
17-Oct-2020 19:05:40.330 INFO [Catalina-utility-2] org.apache.catalina.core.StandardContext.reload Reloading Context with name [/mathApp] has started
17-Oct-2020 19:05:40.344 INFO [Catalina-utility-2] org.apache.catalina.core.StandardContext.reload Reloading Context with name [/mathApp] is completed
17-Oct-2020 19:07:30.385 INFO [Catalina-utility-1] org.apache.catalina.core.StandardContext.reload Reloading Context with name [] has started
17-Oct-2020 19:07:30.407 INFO [Catalina-utility-1] org.apache.catalina.core.StandardContext.reload Reloading Context with name [] is completed
17-Oct-2020 19:07:30.407 INFO [Catalina-utility-1] org.apache.catalina.core.StandardContext.reload Reloading Context with name [/mathApp] has started
17-Oct-2020 19:07:30.425 INFO [Catalina-utility-1] org.apache.catalina.core.StandardContext.reload Reloading Context with name [/mathApp] is completed
17-Oct-2020 19:09:30.469 INFO [Catalina-utility-2] org.apache.catalina.core.StandardContext.reload Reloading Context with name [] has started
17-Oct-2020 19:09:30.493 INFO [Catalina-utility-2] org.apache.catalina.core.StandardContext.reload Reloading Context with name [] is completed
17-Oct-2020 19:09:30.494 INFO [Catalina-utility-2] org.apache.catalina.core.StandardContext.reload Reloading Context with name [/mathApp] has started
17-Oct-2020 19:09:30.510 INFO [Catalina-utility-2] org.apache.catalina.core.StandardContext.reload Reloading Context with name [/mathApp] is completed
17-Oct-2020 19:10:10.531 INFO [Catalina-utility-1] org.apache.catalina.core.StandardContext.reload Reloading Context with name [] has started
17-Oct-2020 19:10:10.557 INFO [Catalina-utility-1] org.apache.catalina.core.StandardContext.reload Reloading Context with name [] is completed
17-Oct-2020 19:10:10.557 INFO [Catalina-utility-1] org.apache.catalina.core.StandardContext.reload Reloading Context with name [/mathApp] has started
17-Oct-2020 19:10:10.575 INFO [Catalina-utility-1] org.apache.catalina.core.StandardContext.reload Reloading Context with name [/mathApp] is completed
17-Oct-2020 19:11:00.596 INFO [Catalina-utility-1] org.apache.catalina.startup.HostConfig.undeploy Undeploying context [/host-manager]
17-Oct-2020 19:11:00.604 INFO [Catalina-utility-1] org.apache.catalina.startup.HostConfig.undeploy Undeploying context [/mathApp]
17-Oct-2020 19:11:00.609 INFO [Catalina-utility-1] org.apache.catalina.startup.HostConfig.undeploy Undeploying context [/manager]
17-Oct-2020 19:11:00.612 INFO [Catalina-utility-1] org.apache.catalina.startup.HostConfig.deployDirectory Deploying web application directory [C:\Users\ellerbee_james1\Documents\GitHub\mathLanguageWebApp\tomcat\webapps\host-manager]
17-Oct-2020 19:11:00.644 INFO [Catalina-utility-1] org.apache.catalina.startup.HostConfig.deployDirectory Deployment of web application directory [C:\Users\ellerbee_james1\Documents\GitHub\mathLanguageWebApp\tomcat\webapps\host-manager] has finished in [31] ms
17-Oct-2020 19:11:00.644 INFO [Catalina-utility-1] org.apache.catalina.startup.HostConfig.deployDirectory Deploying web application directory [C:\Users\ellerbee_james1\Documents\GitHub\mathLanguageWebApp\tomcat\webapps\manager]
17-Oct-2020 19:11:00.673 INFO [Catalina-utility-1] org.apache.catalina.startup.HostConfig.deployDirectory Deployment of web application directory [C:\Users\ellerbee_james1\Documents\GitHub\mathLanguageWebApp\tomcat\webapps\manager] has finished in [29] ms
17-Oct-2020 19:11:00.673 INFO [Catalina-utility-1] org.apache.catalina.startup.HostConfig.deployDirectory Deploying web application directory [C:\Users\ellerbee_james1\Documents\GitHub\mathLanguageWebApp\tomcat\webapps\mathApp]
17-Oct-2020 19:11:00.694 INFO [Catalina-utility-1] org.apache.catalina.startup.HostConfig.deployDirectory Deployment of web application directory [C:\Users\ellerbee_james1\Documents\GitHub\mathLanguageWebApp\tomcat\webapps\mathApp] has finished in [21] ms
17-Oct-2020 19:11:23.845 INFO [Thread-4] org.apache.coyote.AbstractProtocol.pause Pausing ProtocolHandler ["http-nio-80"]
17-Oct-2020 19:11:23.948 INFO [Thread-4] org.apache.catalina.core.StandardService.stopInternal Stopping service [Catalina]
17-Oct-2020 19:11:23.956 INFO [Thread-4] org.apache.coyote.AbstractProtocol.stop Stopping ProtocolHandler ["http-nio-80"]
17-Oct-2020 19:11:23.995 INFO [Thread-4] org.apache.coyote.AbstractProtocol.destroy Destroying ProtocolHandler ["http-nio-80"]
17-Oct-2020 19:11:26.902 INFO [main] org.apache.catalina.startup.VersionLoggerListener.log Server version name:   Apache Tomcat/9.0.38
17-Oct-2020 19:11:26.904 INFO [main] org.apache.catalina.startup.VersionLoggerListener.log Server built:          Sep 10 2020 08:20:30 UTC
17-Oct-2020 19:11:26.904 INFO [main] org.apache.catalina.startup.VersionLoggerListener.log Server version number: 9.0.38.0
17-Oct-2020 19:11:26.904 INFO [main] org.apache.catalina.startup.VersionLoggerListener.log OS Name:               Windows 10
17-Oct-2020 19:11:26.904 INFO [main] org.apache.catalina.startup.VersionLoggerListener.log OS Version:            10.0
17-Oct-2020 19:11:26.904 INFO [main] org.apache.catalina.startup.VersionLoggerListener.log Architecture:          amd64
17-Oct-2020 19:11:26.905 INFO [main] org.apache.catalina.startup.VersionLoggerListener.log Java Home:             C:\Program Files\Java\jre1.8.0_261
17-Oct-2020 19:11:26.905 INFO [main] org.apache.catalina.startup.VersionLoggerListener.log JVM Version:           1.8.0_261-b12
17-Oct-2020 19:11:26.905 INFO [main] org.apache.catalina.startup.VersionLoggerListener.log JVM Vendor:            Oracle Corporation
17-Oct-2020 19:11:26.905 INFO [main] org.apache.catalina.startup.VersionLoggerListener.log CATALINA_BASE:         C:\Users\ellerbee_james1\Documents\GitHub\mathLanguageWebApp\tomcat
17-Oct-2020 19:11:26.905 INFO [main] org.apache.catalina.startup.VersionLoggerListener.log CATALINA_HOME:         C:\Users\ellerbee_james1\Documents\GitHub\mathLanguageWebApp\tomcat
17-Oct-2020 19:11:26.906 INFO [main] org.apache.catalina.startup.VersionLoggerListener.log Command line argument: -Djava.util.logging.config.file=C:\Users\ellerbee_james1\Documents\GitHub\mathLanguageWebApp\tomcat\conf\logging.properties
17-Oct-2020 19:11:26.906 INFO [main] org.apache.catalina.startup.VersionLoggerListener.log Command line argument: -Djava.util.logging.manager=org.apache.juli.ClassLoaderLogManager
17-Oct-2020 19:11:26.906 INFO [main] org.apache.catalina.startup.VersionLoggerListener.log Command line argument: -Djdk.tls.ephemeralDHKeySize=2048
17-Oct-2020 19:11:26.906 INFO [main] org.apache.catalina.startup.VersionLoggerListener.log Command line argument: -Djava.protocol.handler.pkgs=org.apache.catalina.webresources
17-Oct-2020 19:11:26.906 INFO [main] org.apache.catalina.startup.VersionLoggerListener.log Command line argument: -Dignore.endorsed.dirs=
17-Oct-2020 19:11:26.906 INFO [main] org.apache.catalina.startup.VersionLoggerListener.log Command line argument: -Dcatalina.base=C:\Users\ellerbee_james1\Documents\GitHub\mathLanguageWebApp\tomcat
17-Oct-2020 19:11:26.907 INFO [main] org.apache.catalina.startup.VersionLoggerListener.log Command line argument: -Dcatalina.home=C:\Users\ellerbee_james1\Documents\GitHub\mathLanguageWebApp\tomcat
17-Oct-2020 19:11:26.907 INFO [main] org.apache.catalina.startup.VersionLoggerListener.log Command line argument: -Djava.io.tmpdir=C:\Users\ellerbee_james1\Documents\GitHub\mathLanguageWebApp\tomcat\temp
17-Oct-2020 19:11:26.912 INFO [main] org.apache.catalina.core.AprLifecycleListener.lifecycleEvent The Apache Tomcat Native library which allows using OpenSSL was not found on the java.library.path: [C:\Program Files\Java\jre1.8.0_261\bin;C:\WINDOWS\Sun\Java\bin;C:\WINDOWS\system32;C:\WINDOWS;C:\Program Files\Rockwell Software\RSCommon;C:\xpressmp\bin;C:\xpressmp\workbench;C:\Program Files (x86)\Common Files\Oracle\Java\javapath;C:\Windows\system32;C:\Windows;C:\Windows\System32\Wbem;C:\Windows\System32\WindowsPowerShell\v1.0\;C:\Windows\System32\OpenSSH\;C:\Program Files\dotnet\;C:\Program Files\Microsoft SQL Server\130\Tools\Binn\;C:\Program Files (x86)\GtkSharp\2.12\bin;C:\Program Files\NVIDIA Corporation\NVIDIA NvDLISR;C:\Program Files\Git\cmd;C:\Program Files\nodejs\;C:\WINDOWS\system32;C:\WINDOWS;C:\WINDOWS\System32\Wbem;C:\WINDOWS\System32\WindowsPowerShell\v1.0\;C:\WINDOWS\System32\OpenSSH\;C:\Program Files (x86)\NVIDIA Corporation\PhysX\Common;C:\Program Files\Java\jdk8\bin;C:\Program Files\PowerShell\7-preview\preview;C:\Program Files\PostgreSQL\12\bin;C:\Program Files\PostgreSQL\12\lib;C:\Program Files (x86)\PuTTY\;C:\Program Files\MySQL\MySQL Shell 8.0\bin\;C:\Users\ellerbee_james1\.cargo\bin;C:\Users\ellerbee_james1\AppData\Local\Microsoft\WindowsApps;C:\Users\ellerbee_james1\AppData\Local\atom\bin;C:\Users\ellerbee_james1\AppData\Local\GitHubDesktop\bin;E:\Microsoft VS Code\bin;E:\Program Files\IntelliJ IDEA Community Edition 2019.1.1\bin;C:\Users\ellerbee_james1\AppData\Roaming\npm;C:\Users\ellerbee_james1\AppData\Local\Microsoft\WindowsApps;C:\Program Files\JetBrains\PyCharm Community Edition 2019.3.4\bin;C:\Program Files\heroku\bin;.]
17-Oct-2020 19:11:27.147 INFO [main] org.apache.coyote.AbstractProtocol.init Initializing ProtocolHandler ["http-nio-80"]
17-Oct-2020 19:11:27.274 INFO [main] org.apache.catalina.startup.Catalina.load Server initialization in [522] milliseconds
17-Oct-2020 19:11:27.294 INFO [main] org.apache.catalina.core.StandardService.startInternal Starting service [Catalina]
17-Oct-2020 19:11:27.294 INFO [main] org.apache.catalina.core.StandardEngine.startInternal Starting Servlet engine: [Apache Tomcat/9.0.38]
17-Oct-2020 19:11:27.461 INFO [main] org.apache.catalina.startup.HostConfig.deployDirectory Deploying web application directory [C:\Users\ellerbee_james1\Documents\GitHub\mathLanguageWebApp\tomcat\webapps\host-manager]
17-Oct-2020 19:11:27.493 INFO [main] org.apache.catalina.startup.HostConfig.deployDirectory Deployment of web application directory [C:\Users\ellerbee_james1\Documents\GitHub\mathLanguageWebApp\tomcat\webapps\host-manager] has finished in [31] ms
17-Oct-2020 19:11:27.493 INFO [main] org.apache.catalina.startup.HostConfig.deployDirectory Deploying web application directory [C:\Users\ellerbee_james1\Documents\GitHub\mathLanguageWebApp\tomcat\webapps\manager]
17-Oct-2020 19:11:27.519 INFO [main] org.apache.catalina.startup.HostConfig.deployDirectory Deployment of web application directory [C:\Users\ellerbee_james1\Documents\GitHub\mathLanguageWebApp\tomcat\webapps\manager] has finished in [26] ms
17-Oct-2020 19:11:27.520 INFO [main] org.apache.catalina.startup.HostConfig.deployDirectory Deploying web application directory [C:\Users\ellerbee_james1\Documents\GitHub\mathLanguageWebApp\tomcat\webapps\mathApp]
17-Oct-2020 19:11:27.540 INFO [main] org.apache.catalina.startup.HostConfig.deployDirectory Deployment of web application directory [C:\Users\ellerbee_james1\Documents\GitHub\mathLanguageWebApp\tomcat\webapps\mathApp] has finished in [19] ms
17-Oct-2020 19:11:27.553 INFO [main] org.apache.coyote.AbstractProtocol.start Starting ProtocolHandler ["http-nio-80"]
17-Oct-2020 19:11:27.563 INFO [main] org.apache.catalina.startup.Catalina.start Server startup in [288] milliseconds
17-Oct-2020 19:12:27.565 INFO [Catalina-utility-1] org.apache.catalina.core.StandardContext.reload Reloading Context with name [] has started
17-Oct-2020 19:12:27.589 INFO [Catalina-utility-1] org.apache.catalina.core.StandardContext.reload Reloading Context with name [] is completed
17-Oct-2020 19:12:27.590 INFO [Catalina-utility-1] org.apache.catalina.core.StandardContext.reload Reloading Context with name [/mathApp] has started
17-Oct-2020 19:12:27.605 INFO [Catalina-utility-1] org.apache.catalina.core.StandardContext.reload Reloading Context with name [/mathApp] is completed
17-Oct-2020 19:14:27.684 INFO [Catalina-utility-1] org.apache.catalina.core.StandardContext.reload Reloading Context with name [] has started
17-Oct-2020 19:14:27.716 INFO [Catalina-utility-1] org.apache.catalina.core.StandardContext.reload Reloading Context with name [] is completed
17-Oct-2020 19:14:27.716 INFO [Catalina-utility-1] org.apache.catalina.core.StandardContext.reload Reloading Context with name [/mathApp] has started
17-Oct-2020 19:14:27.750 INFO [Catalina-utility-1] org.apache.catalina.core.StandardContext.reload Reloading Context with name [/mathApp] is completed
17-Oct-2020 19:14:37.756 INFO [Catalina-utility-1] org.apache.catalina.core.StandardContext.reload Reloading Context with name [] has started
17-Oct-2020 19:14:37.780 INFO [Catalina-utility-1] org.apache.catalina.core.StandardContext.reload Reloading Context with name [] is completed
17-Oct-2020 19:14:37.780 INFO [Catalina-utility-1] org.apache.catalina.core.StandardContext.reload Reloading Context with name [/mathApp] has started
17-Oct-2020 19:14:37.811 INFO [Catalina-utility-1] org.apache.catalina.core.StandardContext.reload Reloading Context with name [/mathApp] is completed
17-Oct-2020 19:14:57.824 INFO [Catalina-utility-2] org.apache.catalina.core.StandardContext.reload Reloading Context with name [] has started
17-Oct-2020 19:14:57.856 INFO [Catalina-utility-2] org.apache.catalina.core.StandardContext.reload Reloading Context with name [] is completed
17-Oct-2020 19:14:57.857 INFO [Catalina-utility-2] org.apache.catalina.core.StandardContext.reload Reloading Context with name [/mathApp] has started
17-Oct-2020 19:14:57.875 INFO [Catalina-utility-2] org.apache.catalina.core.StandardContext.reload Reloading Context with name [/mathApp] is completed
