16-Oct-2020 18:33:54.278 INFO [main] org.apache.catalina.startup.VersionLoggerListener.log Server version name:   Apache Tomcat/9.0.38
16-Oct-2020 18:33:54.283 INFO [main] org.apache.catalina.startup.VersionLoggerListener.log Server built:          Sep 10 2020 08:20:30 UTC
16-Oct-2020 18:33:54.283 INFO [main] org.apache.catalina.startup.VersionLoggerListener.log Server version number: 9.0.38.0
16-Oct-2020 18:33:54.283 INFO [main] org.apache.catalina.startup.VersionLoggerListener.log OS Name:               Windows 10
16-Oct-2020 18:33:54.283 INFO [main] org.apache.catalina.startup.VersionLoggerListener.log OS Version:            10.0
16-Oct-2020 18:33:54.284 INFO [main] org.apache.catalina.startup.VersionLoggerListener.log Architecture:          amd64
16-Oct-2020 18:33:54.284 INFO [main] org.apache.catalina.startup.VersionLoggerListener.log Java Home:             C:\Program Files\Java\jre1.8.0_261
16-Oct-2020 18:33:54.284 INFO [main] org.apache.catalina.startup.VersionLoggerListener.log JVM Version:           1.8.0_261-b12
16-Oct-2020 18:33:54.284 INFO [main] org.apache.catalina.startup.VersionLoggerListener.log JVM Vendor:            Oracle Corporation
16-Oct-2020 18:33:54.284 INFO [main] org.apache.catalina.startup.VersionLoggerListener.log CATALINA_BASE:         C:\Users\ellerbee_james1\Documents\GitHub\mathLanguageWebApp\tomcat
16-Oct-2020 18:33:54.284 INFO [main] org.apache.catalina.startup.VersionLoggerListener.log CATALINA_HOME:         C:\Users\ellerbee_james1\Documents\GitHub\mathLanguageWebApp\tomcat
16-Oct-2020 18:33:54.288 INFO [main] org.apache.catalina.startup.VersionLoggerListener.log Command line argument: -Djava.util.logging.config.file=C:\Users\ellerbee_james1\Documents\GitHub\mathLanguageWebApp\tomcat\conf\logging.properties
16-Oct-2020 18:33:54.288 INFO [main] org.apache.catalina.startup.VersionLoggerListener.log Command line argument: -Djava.util.logging.manager=org.apache.juli.ClassLoaderLogManager
16-Oct-2020 18:33:54.288 INFO [main] org.apache.catalina.startup.VersionLoggerListener.log Command line argument: -Djdk.tls.ephemeralDHKeySize=2048
16-Oct-2020 18:33:54.288 INFO [main] org.apache.catalina.startup.VersionLoggerListener.log Command line argument: -Djava.protocol.handler.pkgs=org.apache.catalina.webresources
16-Oct-2020 18:33:54.288 INFO [main] org.apache.catalina.startup.VersionLoggerListener.log Command line argument: -Dignore.endorsed.dirs=
16-Oct-2020 18:33:54.288 INFO [main] org.apache.catalina.startup.VersionLoggerListener.log Command line argument: -Dcatalina.base=C:\Users\ellerbee_james1\Documents\GitHub\mathLanguageWebApp\tomcat
16-Oct-2020 18:33:54.289 INFO [main] org.apache.catalina.startup.VersionLoggerListener.log Command line argument: -Dcatalina.home=C:\Users\ellerbee_james1\Documents\GitHub\mathLanguageWebApp\tomcat
16-Oct-2020 18:33:54.289 INFO [main] org.apache.catalina.startup.VersionLoggerListener.log Command line argument: -Djava.io.tmpdir=C:\Users\ellerbee_james1\Documents\GitHub\mathLanguageWebApp\tomcat\temp
16-Oct-2020 18:33:54.297 INFO [main] org.apache.catalina.core.AprLifecycleListener.lifecycleEvent The Apache Tomcat Native library which allows using OpenSSL was not found on the java.library.path: [C:\Program Files\Java\jre1.8.0_261\bin;C:\WINDOWS\Sun\Java\bin;C:\WINDOWS\system32;C:\WINDOWS;C:\Program Files\Rockwell Software\RSCommon;C:\xpressmp\bin;C:\xpressmp\workbench;C:\Program Files (x86)\Common Files\Oracle\Java\javapath;C:\Windows\system32;C:\Windows;C:\Windows\System32\Wbem;C:\Windows\System32\WindowsPowerShell\v1.0\;C:\Windows\System32\OpenSSH\;C:\Program Files\dotnet\;C:\Program Files\Microsoft SQL Server\130\Tools\Binn\;C:\Program Files (x86)\GtkSharp\2.12\bin;C:\Program Files\NVIDIA Corporation\NVIDIA NvDLISR;C:\Program Files\Git\cmd;C:\Program Files\nodejs\;C:\WINDOWS\system32;C:\WINDOWS;C:\WINDOWS\System32\Wbem;C:\WINDOWS\System32\WindowsPowerShell\v1.0\;C:\WINDOWS\System32\OpenSSH\;C:\Program Files (x86)\NVIDIA Corporation\PhysX\Common;C:\Program Files\Java\jdk8\bin;C:\Program Files\PowerShell\7-preview\preview;C:\Program Files\PostgreSQL\12\bin;C:\Program Files\PostgreSQL\12\lib;C:\Program Files (x86)\PuTTY\;C:\Program Files\MySQL\MySQL Shell 8.0\bin\;C:\Users\ellerbee_james1\.cargo\bin;C:\Users\ellerbee_james1\AppData\Local\Microsoft\WindowsApps;C:\Users\ellerbee_james1\AppData\Local\atom\bin;C:\Users\ellerbee_james1\AppData\Local\GitHubDesktop\bin;E:\Microsoft VS Code\bin;E:\Program Files\IntelliJ IDEA Community Edition 2019.1.1\bin;;C:\Users\ellerbee_james1\AppData\Roaming\npm;C:\Users\ellerbee_james1\AppData\Local\Microsoft\WindowsApps;;C:\Program Files\JetBrains\PyCharm Community Edition 2019.3.4\bin;;C:\Program Files\heroku\bin;.]
16-Oct-2020 18:33:54.665 INFO [main] org.apache.coyote.AbstractProtocol.init Initializing ProtocolHandler ["http-nio-8080"]
16-Oct-2020 18:33:54.824 INFO [main] org.apache.catalina.startup.Catalina.load Server initialization in [774] milliseconds
16-Oct-2020 18:33:54.850 INFO [main] org.apache.catalina.core.StandardService.startInternal Starting service [Catalina]
16-Oct-2020 18:33:54.850 INFO [main] org.apache.catalina.core.StandardEngine.startInternal Starting Servlet engine: [Apache Tomcat/9.0.38]
16-Oct-2020 18:33:55.073 INFO [main] org.apache.catalina.startup.HostConfig.deployDirectory Deploying web application directory [C:\Users\ellerbee_james1\Documents\GitHub\mathLanguageWebApp\tomcat\webapps\host-manager]
16-Oct-2020 18:33:55.111 INFO [main] org.apache.catalina.startup.HostConfig.deployDirectory Deployment of web application directory [C:\Users\ellerbee_james1\Documents\GitHub\mathLanguageWebApp\tomcat\webapps\host-manager] has finished in [37] ms
16-Oct-2020 18:33:55.111 INFO [main] org.apache.catalina.startup.HostConfig.deployDirectory Deploying web application directory [C:\Users\ellerbee_james1\Documents\GitHub\mathLanguageWebApp\tomcat\webapps\manager]
16-Oct-2020 18:33:55.141 INFO [main] org.apache.catalina.startup.HostConfig.deployDirectory Deployment of web application directory [C:\Users\ellerbee_james1\Documents\GitHub\mathLanguageWebApp\tomcat\webapps\manager] has finished in [30] ms
16-Oct-2020 18:33:55.141 INFO [main] org.apache.catalina.startup.HostConfig.deployDirectory Deploying web application directory [C:\Users\ellerbee_james1\Documents\GitHub\mathLanguageWebApp\tomcat\webapps\mathApp]
16-Oct-2020 18:33:55.165 INFO [main] org.apache.catalina.startup.HostConfig.deployDirectory Deployment of web application directory [C:\Users\ellerbee_james1\Documents\GitHub\mathLanguageWebApp\tomcat\webapps\mathApp] has finished in [24] ms
16-Oct-2020 18:33:55.179 INFO [main] org.apache.coyote.AbstractProtocol.start Starting ProtocolHandler ["http-nio-8080"]
16-Oct-2020 18:33:55.187 INFO [main] org.apache.catalina.startup.Catalina.start Server startup in [363] milliseconds
16-Oct-2020 18:45:03.943 INFO [Thread-4] org.apache.coyote.AbstractProtocol.pause Pausing ProtocolHandler ["http-nio-8080"]
16-Oct-2020 18:45:04.071 INFO [Thread-4] org.apache.catalina.core.StandardService.stopInternal Stopping service [Catalina]
16-Oct-2020 18:45:04.090 INFO [Thread-4] org.apache.coyote.AbstractProtocol.stop Stopping ProtocolHandler ["http-nio-8080"]
16-Oct-2020 18:45:04.117 INFO [Thread-4] org.apache.coyote.AbstractProtocol.destroy Destroying ProtocolHandler ["http-nio-8080"]
16-Oct-2020 18:48:48.414 INFO [main] org.apache.catalina.startup.VersionLoggerListener.log Server version name:   Apache Tomcat/9.0.38
16-Oct-2020 18:48:48.416 INFO [main] org.apache.catalina.startup.VersionLoggerListener.log Server built:          Sep 10 2020 08:20:30 UTC
16-Oct-2020 18:48:48.416 INFO [main] org.apache.catalina.startup.VersionLoggerListener.log Server version number: 9.0.38.0
16-Oct-2020 18:48:48.416 INFO [main] org.apache.catalina.startup.VersionLoggerListener.log OS Name:               Windows 10
16-Oct-2020 18:48:48.417 INFO [main] org.apache.catalina.startup.VersionLoggerListener.log OS Version:            10.0
16-Oct-2020 18:48:48.417 INFO [main] org.apache.catalina.startup.VersionLoggerListener.log Architecture:          amd64
16-Oct-2020 18:48:48.417 INFO [main] org.apache.catalina.startup.VersionLoggerListener.log Java Home:             C:\Program Files\Java\jre1.8.0_261
16-Oct-2020 18:48:48.417 INFO [main] org.apache.catalina.startup.VersionLoggerListener.log JVM Version:           1.8.0_261-b12
16-Oct-2020 18:48:48.417 INFO [main] org.apache.catalina.startup.VersionLoggerListener.log JVM Vendor:            Oracle Corporation
16-Oct-2020 18:48:48.417 INFO [main] org.apache.catalina.startup.VersionLoggerListener.log CATALINA_BASE:         C:\Users\ellerbee_james1\Documents\GitHub\mathLanguageWebApp\tomcat
16-Oct-2020 18:48:48.417 INFO [main] org.apache.catalina.startup.VersionLoggerListener.log CATALINA_HOME:         C:\Users\ellerbee_james1\Documents\GitHub\mathLanguageWebApp\tomcat
16-Oct-2020 18:48:48.418 INFO [main] org.apache.catalina.startup.VersionLoggerListener.log Command line argument: -Djava.util.logging.config.file=C:\Users\ellerbee_james1\Documents\GitHub\mathLanguageWebApp\tomcat\conf\logging.properties
16-Oct-2020 18:48:48.418 INFO [main] org.apache.catalina.startup.VersionLoggerListener.log Command line argument: -Djava.util.logging.manager=org.apache.juli.ClassLoaderLogManager
16-Oct-2020 18:48:48.418 INFO [main] org.apache.catalina.startup.VersionLoggerListener.log Command line argument: -Djdk.tls.ephemeralDHKeySize=2048
16-Oct-2020 18:48:48.419 INFO [main] org.apache.catalina.startup.VersionLoggerListener.log Command line argument: -Djava.protocol.handler.pkgs=org.apache.catalina.webresources
16-Oct-2020 18:48:48.419 INFO [main] org.apache.catalina.startup.VersionLoggerListener.log Command line argument: -Dignore.endorsed.dirs=
16-Oct-2020 18:48:48.419 INFO [main] org.apache.catalina.startup.VersionLoggerListener.log Command line argument: -Dcatalina.base=C:\Users\ellerbee_james1\Documents\GitHub\mathLanguageWebApp\tomcat
16-Oct-2020 18:48:48.419 INFO [main] org.apache.catalina.startup.VersionLoggerListener.log Command line argument: -Dcatalina.home=C:\Users\ellerbee_james1\Documents\GitHub\mathLanguageWebApp\tomcat
16-Oct-2020 18:48:48.420 INFO [main] org.apache.catalina.startup.VersionLoggerListener.log Command line argument: -Djava.io.tmpdir=C:\Users\ellerbee_james1\Documents\GitHub\mathLanguageWebApp\tomcat\temp
16-Oct-2020 18:48:48.426 INFO [main] org.apache.catalina.core.AprLifecycleListener.lifecycleEvent The Apache Tomcat Native library which allows using OpenSSL was not found on the java.library.path: [C:\Program Files\Java\jre1.8.0_261\bin;C:\WINDOWS\Sun\Java\bin;C:\WINDOWS\system32;C:\WINDOWS;C:\Program Files\Rockwell Software\RSCommon;C:\xpressmp\bin;C:\xpressmp\workbench;C:\Program Files (x86)\Common Files\Oracle\Java\javapath;C:\Windows\system32;C:\Windows;C:\Windows\System32\Wbem;C:\Windows\System32\WindowsPowerShell\v1.0\;C:\Windows\System32\OpenSSH\;C:\Program Files\dotnet\;C:\Program Files\Microsoft SQL Server\130\Tools\Binn\;C:\Program Files (x86)\GtkSharp\2.12\bin;C:\Program Files\NVIDIA Corporation\NVIDIA NvDLISR;C:\Program Files\Git\cmd;C:\Program Files\nodejs\;C:\WINDOWS\system32;C:\WINDOWS;C:\WINDOWS\System32\Wbem;C:\WINDOWS\System32\WindowsPowerShell\v1.0\;C:\WINDOWS\System32\OpenSSH\;C:\Program Files (x86)\NVIDIA Corporation\PhysX\Common;C:\Program Files\Java\jdk8\bin;C:\Program Files\PowerShell\7-preview\preview;C:\Program Files\PostgreSQL\12\bin;C:\Program Files\PostgreSQL\12\lib;C:\Program Files (x86)\PuTTY\;C:\Program Files\MySQL\MySQL Shell 8.0\bin\;C:\Users\ellerbee_james1\.cargo\bin;C:\Users\ellerbee_james1\AppData\Local\Microsoft\WindowsApps;C:\Users\ellerbee_james1\AppData\Local\atom\bin;C:\Users\ellerbee_james1\AppData\Local\GitHubDesktop\bin;E:\Microsoft VS Code\bin;E:\Program Files\IntelliJ IDEA Community Edition 2019.1.1\bin;;C:\Users\ellerbee_james1\AppData\Roaming\npm;C:\Users\ellerbee_james1\AppData\Local\Microsoft\WindowsApps;;C:\Program Files\JetBrains\PyCharm Community Edition 2019.3.4\bin;;C:\Program Files\heroku\bin;.]
16-Oct-2020 18:48:48.713 INFO [main] org.apache.coyote.AbstractProtocol.init Initializing ProtocolHandler ["http-nio-8080"]
16-Oct-2020 18:48:48.860 INFO [main] org.apache.catalina.startup.Catalina.load Server initialization in [625] milliseconds
16-Oct-2020 18:48:48.880 INFO [main] org.apache.catalina.core.StandardService.startInternal Starting service [Catalina]
16-Oct-2020 18:48:48.881 INFO [main] org.apache.catalina.core.StandardEngine.startInternal Starting Servlet engine: [Apache Tomcat/9.0.38]
16-Oct-2020 18:48:49.091 INFO [main] org.apache.catalina.startup.HostConfig.deployDirectory Deploying web application directory [C:\Users\ellerbee_james1\Documents\GitHub\mathLanguageWebApp\tomcat\webapps\host-manager]
16-Oct-2020 18:48:49.121 INFO [main] org.apache.catalina.startup.HostConfig.deployDirectory Deployment of web application directory [C:\Users\ellerbee_james1\Documents\GitHub\mathLanguageWebApp\tomcat\webapps\host-manager] has finished in [29] ms
16-Oct-2020 18:48:49.121 INFO [main] org.apache.catalina.startup.HostConfig.deployDirectory Deploying web application directory [C:\Users\ellerbee_james1\Documents\GitHub\mathLanguageWebApp\tomcat\webapps\manager]
16-Oct-2020 18:48:49.147 INFO [main] org.apache.catalina.startup.HostConfig.deployDirectory Deployment of web application directory [C:\Users\ellerbee_james1\Documents\GitHub\mathLanguageWebApp\tomcat\webapps\manager] has finished in [26] ms
16-Oct-2020 18:48:49.148 INFO [main] org.apache.catalina.startup.HostConfig.deployDirectory Deploying web application directory [C:\Users\ellerbee_james1\Documents\GitHub\mathLanguageWebApp\tomcat\webapps\mathApp]
16-Oct-2020 18:48:49.171 INFO [main] org.apache.catalina.startup.HostConfig.deployDirectory Deployment of web application directory [C:\Users\ellerbee_james1\Documents\GitHub\mathLanguageWebApp\tomcat\webapps\mathApp] has finished in [22] ms
16-Oct-2020 18:48:49.183 INFO [main] org.apache.coyote.AbstractProtocol.start Starting ProtocolHandler ["http-nio-8080"]
16-Oct-2020 18:48:49.191 INFO [main] org.apache.catalina.startup.Catalina.start Server startup in [330] milliseconds
16-Oct-2020 18:49:39.223 INFO [Catalina-utility-1] org.apache.catalina.core.StandardContext.reload Reloading Context with name [] has started
16-Oct-2020 18:49:39.270 INFO [Catalina-utility-1] org.apache.catalina.core.StandardContext.reload Reloading Context with name [] is completed
16-Oct-2020 18:49:39.271 INFO [Catalina-utility-1] org.apache.catalina.core.StandardContext.reload Reloading Context with name [/mathApp] has started
16-Oct-2020 18:49:39.288 INFO [Catalina-utility-1] org.apache.catalina.core.StandardContext.reload Reloading Context with name [/mathApp] is completed
16-Oct-2020 18:49:40.312 INFO [Thread-4] org.apache.coyote.AbstractProtocol.pause Pausing ProtocolHandler ["http-nio-8080"]
16-Oct-2020 18:49:40.436 INFO [Thread-4] org.apache.catalina.core.StandardService.stopInternal Stopping service [Catalina]
16-Oct-2020 18:49:40.448 INFO [Thread-4] org.apache.coyote.AbstractProtocol.stop Stopping ProtocolHandler ["http-nio-8080"]
16-Oct-2020 18:49:40.482 INFO [Thread-4] org.apache.coyote.AbstractProtocol.destroy Destroying ProtocolHandler ["http-nio-8080"]
16-Oct-2020 18:51:29.117 INFO [main] org.apache.catalina.startup.VersionLoggerListener.log Server version name:   Apache Tomcat/9.0.38
16-Oct-2020 18:51:29.119 INFO [main] org.apache.catalina.startup.VersionLoggerListener.log Server built:          Sep 10 2020 08:20:30 UTC
16-Oct-2020 18:51:29.119 INFO [main] org.apache.catalina.startup.VersionLoggerListener.log Server version number: 9.0.38.0
16-Oct-2020 18:51:29.120 INFO [main] org.apache.catalina.startup.VersionLoggerListener.log OS Name:               Windows 10
16-Oct-2020 18:51:29.120 INFO [main] org.apache.catalina.startup.VersionLoggerListener.log OS Version:            10.0
16-Oct-2020 18:51:29.120 INFO [main] org.apache.catalina.startup.VersionLoggerListener.log Architecture:          amd64
16-Oct-2020 18:51:29.120 INFO [main] org.apache.catalina.startup.VersionLoggerListener.log Java Home:             C:\Program Files\Java\jre1.8.0_261
16-Oct-2020 18:51:29.120 INFO [main] org.apache.catalina.startup.VersionLoggerListener.log JVM Version:           1.8.0_261-b12
16-Oct-2020 18:51:29.120 INFO [main] org.apache.catalina.startup.VersionLoggerListener.log JVM Vendor:            Oracle Corporation
16-Oct-2020 18:51:29.120 INFO [main] org.apache.catalina.startup.VersionLoggerListener.log CATALINA_BASE:         C:\Users\ellerbee_james1\Documents\GitHub\mathLanguageWebApp\tomcat
16-Oct-2020 18:51:29.120 INFO [main] org.apache.catalina.startup.VersionLoggerListener.log CATALINA_HOME:         C:\Users\ellerbee_james1\Documents\GitHub\mathLanguageWebApp\tomcat
16-Oct-2020 18:51:29.121 INFO [main] org.apache.catalina.startup.VersionLoggerListener.log Command line argument: -Djava.util.logging.config.file=C:\Users\ellerbee_james1\Documents\GitHub\mathLanguageWebApp\tomcat\conf\logging.properties
16-Oct-2020 18:51:29.121 INFO [main] org.apache.catalina.startup.VersionLoggerListener.log Command line argument: -Djava.util.logging.manager=org.apache.juli.ClassLoaderLogManager
16-Oct-2020 18:51:29.121 INFO [main] org.apache.catalina.startup.VersionLoggerListener.log Command line argument: -Djdk.tls.ephemeralDHKeySize=2048
16-Oct-2020 18:51:29.121 INFO [main] org.apache.catalina.startup.VersionLoggerListener.log Command line argument: -Djava.protocol.handler.pkgs=org.apache.catalina.webresources
16-Oct-2020 18:51:29.122 INFO [main] org.apache.catalina.startup.VersionLoggerListener.log Command line argument: -Dignore.endorsed.dirs=
16-Oct-2020 18:51:29.122 INFO [main] org.apache.catalina.startup.VersionLoggerListener.log Command line argument: -Dcatalina.base=C:\Users\ellerbee_james1\Documents\GitHub\mathLanguageWebApp\tomcat
16-Oct-2020 18:51:29.122 INFO [main] org.apache.catalina.startup.VersionLoggerListener.log Command line argument: -Dcatalina.home=C:\Users\ellerbee_james1\Documents\GitHub\mathLanguageWebApp\tomcat
16-Oct-2020 18:51:29.122 INFO [main] org.apache.catalina.startup.VersionLoggerListener.log Command line argument: -Djava.io.tmpdir=C:\Users\ellerbee_james1\Documents\GitHub\mathLanguageWebApp\tomcat\temp
16-Oct-2020 18:51:29.129 INFO [main] org.apache.catalina.core.AprLifecycleListener.lifecycleEvent The Apache Tomcat Native library which allows using OpenSSL was not found on the java.library.path: [C:\Program Files\Java\jre1.8.0_261\bin;C:\WINDOWS\Sun\Java\bin;C:\WINDOWS\system32;C:\WINDOWS;C:\Program Files\Rockwell Software\RSCommon;C:\xpressmp\bin;C:\xpressmp\workbench;C:\Program Files (x86)\Common Files\Oracle\Java\javapath;C:\Windows\system32;C:\Windows;C:\Windows\System32\Wbem;C:\Windows\System32\WindowsPowerShell\v1.0\;C:\Windows\System32\OpenSSH\;C:\Program Files\dotnet\;C:\Program Files\Microsoft SQL Server\130\Tools\Binn\;C:\Program Files (x86)\GtkSharp\2.12\bin;C:\Program Files\NVIDIA Corporation\NVIDIA NvDLISR;C:\Program Files\Git\cmd;C:\Program Files\nodejs\;C:\WINDOWS\system32;C:\WINDOWS;C:\WINDOWS\System32\Wbem;C:\WINDOWS\System32\WindowsPowerShell\v1.0\;C:\WINDOWS\System32\OpenSSH\;C:\Program Files (x86)\NVIDIA Corporation\PhysX\Common;C:\Program Files\Java\jdk8\bin;C:\Program Files\PowerShell\7-preview\preview;C:\Program Files\PostgreSQL\12\bin;C:\Program Files\PostgreSQL\12\lib;C:\Program Files (x86)\PuTTY\;C:\Program Files\MySQL\MySQL Shell 8.0\bin\;C:\Users\ellerbee_james1\.cargo\bin;C:\Users\ellerbee_james1\AppData\Local\Microsoft\WindowsApps;C:\Users\ellerbee_james1\AppData\Local\atom\bin;C:\Users\ellerbee_james1\AppData\Local\GitHubDesktop\bin;E:\Microsoft VS Code\bin;E:\Program Files\IntelliJ IDEA Community Edition 2019.1.1\bin;C:\Users\ellerbee_james1\AppData\Roaming\npm;C:\Users\ellerbee_james1\AppData\Local\Microsoft\WindowsApps;C:\Program Files\JetBrains\PyCharm Community Edition 2019.3.4\bin;C:\Program Files\heroku\bin;.]
16-Oct-2020 18:51:29.409 INFO [main] org.apache.coyote.AbstractProtocol.init Initializing ProtocolHandler ["http-nio-8080"]
16-Oct-2020 18:51:29.576 INFO [main] org.apache.catalina.startup.Catalina.load Server initialization in [619] milliseconds
16-Oct-2020 18:51:29.595 INFO [main] org.apache.catalina.core.StandardService.startInternal Starting service [Catalina]
16-Oct-2020 18:51:29.595 INFO [main] org.apache.catalina.core.StandardEngine.startInternal Starting Servlet engine: [Apache Tomcat/9.0.38]
16-Oct-2020 18:51:29.815 INFO [main] org.apache.catalina.startup.HostConfig.deployDirectory Deploying web application directory [C:\Users\ellerbee_james1\Documents\GitHub\mathLanguageWebApp\tomcat\webapps\host-manager]
16-Oct-2020 18:51:29.858 INFO [main] org.apache.catalina.startup.HostConfig.deployDirectory Deployment of web application directory [C:\Users\ellerbee_james1\Documents\GitHub\mathLanguageWebApp\tomcat\webapps\host-manager] has finished in [42] ms
16-Oct-2020 18:51:29.858 INFO [main] org.apache.catalina.startup.HostConfig.deployDirectory Deploying web application directory [C:\Users\ellerbee_james1\Documents\GitHub\mathLanguageWebApp\tomcat\webapps\manager]
16-Oct-2020 18:51:29.883 INFO [main] org.apache.catalina.startup.HostConfig.deployDirectory Deployment of web application directory [C:\Users\ellerbee_james1\Documents\GitHub\mathLanguageWebApp\tomcat\webapps\manager] has finished in [25] ms
16-Oct-2020 18:51:29.884 INFO [main] org.apache.catalina.startup.HostConfig.deployDirectory Deploying web application directory [C:\Users\ellerbee_james1\Documents\GitHub\mathLanguageWebApp\tomcat\webapps\mathApp]
16-Oct-2020 18:51:29.908 INFO [main] org.apache.catalina.startup.HostConfig.deployDirectory Deployment of web application directory [C:\Users\ellerbee_james1\Documents\GitHub\mathLanguageWebApp\tomcat\webapps\mathApp] has finished in [24] ms
16-Oct-2020 18:51:29.919 INFO [main] org.apache.coyote.AbstractProtocol.start Starting ProtocolHandler ["http-nio-8080"]
16-Oct-2020 18:51:29.929 INFO [main] org.apache.catalina.startup.Catalina.start Server startup in [352] milliseconds
16-Oct-2020 18:52:29.934 INFO [Catalina-utility-1] org.apache.catalina.core.StandardContext.reload Reloading Context with name [] has started
16-Oct-2020 18:52:29.959 INFO [Catalina-utility-1] org.apache.catalina.core.StandardContext.reload Reloading Context with name [] is completed
16-Oct-2020 18:52:29.960 INFO [Catalina-utility-1] org.apache.catalina.core.StandardContext.reload Reloading Context with name [/mathApp] has started
16-Oct-2020 18:52:29.979 INFO [Catalina-utility-1] org.apache.catalina.core.StandardContext.reload Reloading Context with name [/mathApp] is completed
16-Oct-2020 18:53:40.009 INFO [Catalina-utility-2] org.apache.catalina.startup.HostConfig.undeploy Undeploying context [/host-manager]
16-Oct-2020 18:56:38.483 INFO [Catalina-utility-2] org.apache.catalina.startup.HostConfig.undeploy Undeploying context [/mathApp]
16-Oct-2020 18:56:38.492 INFO [Catalina-utility-2] org.apache.catalina.startup.HostConfig.undeploy Undeploying context [/manager]
16-Oct-2020 18:56:38.499 INFO [Catalina-utility-2] org.apache.catalina.startup.HostConfig.deployDirectory Deploying web application directory [C:\Users\ellerbee_james1\Documents\GitHub\mathLanguageWebApp\tomcat\webapps\host-manager]
16-Oct-2020 18:56:38.533 INFO [Catalina-utility-2] org.apache.catalina.startup.HostConfig.deployDirectory Deployment of web application directory [C:\Users\ellerbee_james1\Documents\GitHub\mathLanguageWebApp\tomcat\webapps\host-manager] has finished in [34] ms
16-Oct-2020 18:56:38.534 INFO [Catalina-utility-2] org.apache.catalina.startup.HostConfig.deployDirectory Deploying web application directory [C:\Users\ellerbee_james1\Documents\GitHub\mathLanguageWebApp\tomcat\webapps\manager]
16-Oct-2020 18:56:38.561 INFO [Catalina-utility-2] org.apache.catalina.startup.HostConfig.deployDirectory Deployment of web application directory [C:\Users\ellerbee_james1\Documents\GitHub\mathLanguageWebApp\tomcat\webapps\manager] has finished in [27] ms
16-Oct-2020 18:56:38.562 INFO [Catalina-utility-2] org.apache.catalina.startup.HostConfig.deployDirectory Deploying web application directory [C:\Users\ellerbee_james1\Documents\GitHub\mathLanguageWebApp\tomcat\webapps\mathApp]
16-Oct-2020 18:56:38.599 INFO [Catalina-utility-2] org.apache.catalina.startup.HostConfig.deployDirectory Deployment of web application directory [C:\Users\ellerbee_james1\Documents\GitHub\mathLanguageWebApp\tomcat\webapps\mathApp] has finished in [37] ms
16-Oct-2020 18:56:55.147 INFO [main] org.apache.catalina.startup.VersionLoggerListener.log Server version name:   Apache Tomcat/9.0.38
16-Oct-2020 18:56:55.150 INFO [main] org.apache.catalina.startup.VersionLoggerListener.log Server built:          Sep 10 2020 08:20:30 UTC
16-Oct-2020 18:56:55.150 INFO [main] org.apache.catalina.startup.VersionLoggerListener.log Server version number: 9.0.38.0
16-Oct-2020 18:56:55.150 INFO [main] org.apache.catalina.startup.VersionLoggerListener.log OS Name:               Windows 10
16-Oct-2020 18:56:55.150 INFO [main] org.apache.catalina.startup.VersionLoggerListener.log OS Version:            10.0
16-Oct-2020 18:56:55.150 INFO [main] org.apache.catalina.startup.VersionLoggerListener.log Architecture:          amd64
16-Oct-2020 18:56:55.150 INFO [main] org.apache.catalina.startup.VersionLoggerListener.log Java Home:             C:\Program Files\Java\jre1.8.0_261
16-Oct-2020 18:56:55.150 INFO [main] org.apache.catalina.startup.VersionLoggerListener.log JVM Version:           1.8.0_261-b12
16-Oct-2020 18:56:55.151 INFO [main] org.apache.catalina.startup.VersionLoggerListener.log JVM Vendor:            Oracle Corporation
16-Oct-2020 18:56:55.151 INFO [main] org.apache.catalina.startup.VersionLoggerListener.log CATALINA_BASE:         C:\Users\ellerbee_james1\Documents\GitHub\mathLanguageWebApp\tomcat
16-Oct-2020 18:56:55.151 INFO [main] org.apache.catalina.startup.VersionLoggerListener.log CATALINA_HOME:         C:\Users\ellerbee_james1\Documents\GitHub\mathLanguageWebApp\tomcat
16-Oct-2020 18:56:55.152 INFO [main] org.apache.catalina.startup.VersionLoggerListener.log Command line argument: -Djava.util.logging.config.file=C:\Users\ellerbee_james1\Documents\GitHub\mathLanguageWebApp\tomcat\conf\logging.properties
16-Oct-2020 18:56:55.152 INFO [main] org.apache.catalina.startup.VersionLoggerListener.log Command line argument: -Djava.util.logging.manager=org.apache.juli.ClassLoaderLogManager
16-Oct-2020 18:56:55.152 INFO [main] org.apache.catalina.startup.VersionLoggerListener.log Command line argument: -Djdk.tls.ephemeralDHKeySize=2048
16-Oct-2020 18:56:55.152 INFO [main] org.apache.catalina.startup.VersionLoggerListener.log Command line argument: -Djava.protocol.handler.pkgs=org.apache.catalina.webresources
16-Oct-2020 18:56:55.152 INFO [main] org.apache.catalina.startup.VersionLoggerListener.log Command line argument: -Dignore.endorsed.dirs=
16-Oct-2020 18:56:55.152 INFO [main] org.apache.catalina.startup.VersionLoggerListener.log Command line argument: -Dcatalina.base=C:\Users\ellerbee_james1\Documents\GitHub\mathLanguageWebApp\tomcat
16-Oct-2020 18:56:55.152 INFO [main] org.apache.catalina.startup.VersionLoggerListener.log Command line argument: -Dcatalina.home=C:\Users\ellerbee_james1\Documents\GitHub\mathLanguageWebApp\tomcat
16-Oct-2020 18:56:55.153 INFO [main] org.apache.catalina.startup.VersionLoggerListener.log Command line argument: -Djava.io.tmpdir=C:\Users\ellerbee_james1\Documents\GitHub\mathLanguageWebApp\tomcat\temp
16-Oct-2020 18:56:55.158 INFO [main] org.apache.catalina.core.AprLifecycleListener.lifecycleEvent The Apache Tomcat Native library which allows using OpenSSL was not found on the java.library.path: [C:\Program Files\Java\jre1.8.0_261\bin;C:\WINDOWS\Sun\Java\bin;C:\WINDOWS\system32;C:\WINDOWS;C:\Program Files\Rockwell Software\RSCommon;C:\xpressmp\bin;C:\xpressmp\workbench;C:\Program Files (x86)\Common Files\Oracle\Java\javapath;C:\Windows\system32;C:\Windows;C:\Windows\System32\Wbem;C:\Windows\System32\WindowsPowerShell\v1.0\;C:\Windows\System32\OpenSSH\;C:\Program Files\dotnet\;C:\Program Files\Microsoft SQL Server\130\Tools\Binn\;C:\Program Files (x86)\GtkSharp\2.12\bin;C:\Program Files\NVIDIA Corporation\NVIDIA NvDLISR;C:\Program Files\Git\cmd;C:\Program Files\nodejs\;C:\WINDOWS\system32;C:\WINDOWS;C:\WINDOWS\System32\Wbem;C:\WINDOWS\System32\WindowsPowerShell\v1.0\;C:\WINDOWS\System32\OpenSSH\;C:\Program Files (x86)\NVIDIA Corporation\PhysX\Common;C:\Program Files\Java\jdk8\bin;C:\Program Files\PowerShell\7-preview\preview;C:\Program Files\PostgreSQL\12\bin;C:\Program Files\PostgreSQL\12\lib;C:\Program Files (x86)\PuTTY\;C:\Program Files\MySQL\MySQL Shell 8.0\bin\;C:\Users\ellerbee_james1\.cargo\bin;C:\Users\ellerbee_james1\AppData\Local\Microsoft\WindowsApps;C:\Users\ellerbee_james1\AppData\Local\atom\bin;C:\Users\ellerbee_james1\AppData\Local\GitHubDesktop\bin;E:\Microsoft VS Code\bin;E:\Program Files\IntelliJ IDEA Community Edition 2019.1.1\bin;C:\Users\ellerbee_james1\AppData\Roaming\npm;C:\Users\ellerbee_james1\AppData\Local\Microsoft\WindowsApps;C:\Program Files\JetBrains\PyCharm Community Edition 2019.3.4\bin;C:\Program Files\heroku\bin;.]
16-Oct-2020 18:56:55.492 INFO [main] org.apache.coyote.AbstractProtocol.init Initializing ProtocolHandler ["http-nio-8080"]
16-Oct-2020 18:56:55.669 INFO [main] org.apache.catalina.startup.Catalina.load Server initialization in [702] milliseconds
16-Oct-2020 18:56:55.689 INFO [main] org.apache.catalina.core.StandardService.startInternal Starting service [Catalina]
16-Oct-2020 18:56:55.689 INFO [main] org.apache.catalina.core.StandardEngine.startInternal Starting Servlet engine: [Apache Tomcat/9.0.38]
16-Oct-2020 18:56:55.901 INFO [main] org.apache.catalina.startup.HostConfig.deployDirectory Deploying web application directory [C:\Users\ellerbee_james1\Documents\GitHub\mathLanguageWebApp\tomcat\webapps\host-manager]
16-Oct-2020 18:56:55.935 INFO [main] org.apache.catalina.startup.HostConfig.deployDirectory Deployment of web application directory [C:\Users\ellerbee_james1\Documents\GitHub\mathLanguageWebApp\tomcat\webapps\host-manager] has finished in [34] ms
16-Oct-2020 18:56:55.936 INFO [main] org.apache.catalina.startup.HostConfig.deployDirectory Deploying web application directory [C:\Users\ellerbee_james1\Documents\GitHub\mathLanguageWebApp\tomcat\webapps\manager]
16-Oct-2020 18:56:55.964 INFO [main] org.apache.catalina.startup.HostConfig.deployDirectory Deployment of web application directory [C:\Users\ellerbee_james1\Documents\GitHub\mathLanguageWebApp\tomcat\webapps\manager] has finished in [28] ms
16-Oct-2020 18:56:55.964 INFO [main] org.apache.catalina.startup.HostConfig.deployDirectory Deploying web application directory [C:\Users\ellerbee_james1\Documents\GitHub\mathLanguageWebApp\tomcat\webapps\mathApp]
16-Oct-2020 18:56:55.991 INFO [main] org.apache.catalina.startup.HostConfig.deployDirectory Deployment of web application directory [C:\Users\ellerbee_james1\Documents\GitHub\mathLanguageWebApp\tomcat\webapps\mathApp] has finished in [27] ms
16-Oct-2020 18:56:56.003 INFO [main] org.apache.coyote.AbstractProtocol.start Starting ProtocolHandler ["http-nio-8080"]
16-Oct-2020 18:56:56.013 INFO [main] org.apache.catalina.startup.Catalina.start Server startup in [342] milliseconds
16-Oct-2020 18:56:59.443 INFO [main] org.apache.catalina.startup.VersionLoggerListener.log Server version name:   Apache Tomcat/9.0.38
16-Oct-2020 18:56:59.445 INFO [main] org.apache.catalina.startup.VersionLoggerListener.log Server built:          Sep 10 2020 08:20:30 UTC
16-Oct-2020 18:56:59.445 INFO [main] org.apache.catalina.startup.VersionLoggerListener.log Server version number: 9.0.38.0
16-Oct-2020 18:56:59.445 INFO [main] org.apache.catalina.startup.VersionLoggerListener.log OS Name:               Windows 10
16-Oct-2020 18:56:59.445 INFO [main] org.apache.catalina.startup.VersionLoggerListener.log OS Version:            10.0
16-Oct-2020 18:56:59.445 INFO [main] org.apache.catalina.startup.VersionLoggerListener.log Architecture:          amd64
16-Oct-2020 18:56:59.445 INFO [main] org.apache.catalina.startup.VersionLoggerListener.log Java Home:             C:\Program Files\Java\jre1.8.0_261
16-Oct-2020 18:56:59.445 INFO [main] org.apache.catalina.startup.VersionLoggerListener.log JVM Version:           1.8.0_261-b12
16-Oct-2020 18:56:59.446 INFO [main] org.apache.catalina.startup.VersionLoggerListener.log JVM Vendor:            Oracle Corporation
16-Oct-2020 18:56:59.446 INFO [main] org.apache.catalina.startup.VersionLoggerListener.log CATALINA_BASE:         C:\Users\ellerbee_james1\Documents\GitHub\mathLanguageWebApp\tomcat
16-Oct-2020 18:56:59.446 INFO [main] org.apache.catalina.startup.VersionLoggerListener.log CATALINA_HOME:         C:\Users\ellerbee_james1\Documents\GitHub\mathLanguageWebApp\tomcat
16-Oct-2020 18:56:59.447 INFO [main] org.apache.catalina.startup.VersionLoggerListener.log Command line argument: -Djava.util.logging.config.file=C:\Users\ellerbee_james1\Documents\GitHub\mathLanguageWebApp\tomcat\conf\logging.properties
16-Oct-2020 18:56:59.448 INFO [main] org.apache.catalina.startup.VersionLoggerListener.log Command line argument: -Djava.util.logging.manager=org.apache.juli.ClassLoaderLogManager
16-Oct-2020 18:56:59.448 INFO [main] org.apache.catalina.startup.VersionLoggerListener.log Command line argument: -Djdk.tls.ephemeralDHKeySize=2048
16-Oct-2020 18:56:59.448 INFO [main] org.apache.catalina.startup.VersionLoggerListener.log Command line argument: -Djava.protocol.handler.pkgs=org.apache.catalina.webresources
16-Oct-2020 18:56:59.448 INFO [main] org.apache.catalina.startup.VersionLoggerListener.log Command line argument: -Dignore.endorsed.dirs=
16-Oct-2020 18:56:59.448 INFO [main] org.apache.catalina.startup.VersionLoggerListener.log Command line argument: -Dcatalina.base=C:\Users\ellerbee_james1\Documents\GitHub\mathLanguageWebApp\tomcat
16-Oct-2020 18:56:59.452 INFO [main] org.apache.catalina.startup.VersionLoggerListener.log Command line argument: -Dcatalina.home=C:\Users\ellerbee_james1\Documents\GitHub\mathLanguageWebApp\tomcat
16-Oct-2020 18:56:59.452 INFO [main] org.apache.catalina.startup.VersionLoggerListener.log Command line argument: -Djava.io.tmpdir=C:\Users\ellerbee_james1\Documents\GitHub\mathLanguageWebApp\tomcat\temp
16-Oct-2020 18:56:59.458 INFO [main] org.apache.catalina.core.AprLifecycleListener.lifecycleEvent The Apache Tomcat Native library which allows using OpenSSL was not found on the java.library.path: [C:\Program Files\Java\jre1.8.0_261\bin;C:\WINDOWS\Sun\Java\bin;C:\WINDOWS\system32;C:\WINDOWS;C:\Program Files\Rockwell Software\RSCommon;C:\xpressmp\bin;C:\xpressmp\workbench;C:\Program Files (x86)\Common Files\Oracle\Java\javapath;C:\Windows\system32;C:\Windows;C:\Windows\System32\Wbem;C:\Windows\System32\WindowsPowerShell\v1.0\;C:\Windows\System32\OpenSSH\;C:\Program Files\dotnet\;C:\Program Files\Microsoft SQL Server\130\Tools\Binn\;C:\Program Files (x86)\GtkSharp\2.12\bin;C:\Program Files\NVIDIA Corporation\NVIDIA NvDLISR;C:\Program Files\Git\cmd;C:\Program Files\nodejs\;C:\WINDOWS\system32;C:\WINDOWS;C:\WINDOWS\System32\Wbem;C:\WINDOWS\System32\WindowsPowerShell\v1.0\;C:\WINDOWS\System32\OpenSSH\;C:\Program Files (x86)\NVIDIA Corporation\PhysX\Common;C:\Program Files\Java\jdk8\bin;C:\Program Files\PowerShell\7-preview\preview;C:\Program Files\PostgreSQL\12\bin;C:\Program Files\PostgreSQL\12\lib;C:\Program Files (x86)\PuTTY\;C:\Program Files\MySQL\MySQL Shell 8.0\bin\;C:\Users\ellerbee_james1\.cargo\bin;C:\Users\ellerbee_james1\AppData\Local\Microsoft\WindowsApps;C:\Users\ellerbee_james1\AppData\Local\atom\bin;C:\Users\ellerbee_james1\AppData\Local\GitHubDesktop\bin;E:\Microsoft VS Code\bin;E:\Program Files\IntelliJ IDEA Community Edition 2019.1.1\bin;C:\Users\ellerbee_james1\AppData\Roaming\npm;C:\Users\ellerbee_james1\AppData\Local\Microsoft\WindowsApps;C:\Program Files\JetBrains\PyCharm Community Edition 2019.3.4\bin;C:\Program Files\heroku\bin;.]
16-Oct-2020 18:56:59.744 INFO [main] org.apache.coyote.AbstractProtocol.init Initializing ProtocolHandler ["http-nio-8080"]
16-Oct-2020 18:56:59.886 SEVERE [main] org.apache.catalina.util.LifecycleBase.handleSubClassException Failed to initialize component [Connector[HTTP/1.1-8080]]
	org.apache.catalina.LifecycleException: Protocol handler initialization failed
		at org.apache.catalina.connector.Connector.initInternal(Connector.java:1042)
		at org.apache.catalina.util.LifecycleBase.init(LifecycleBase.java:136)
		at org.apache.catalina.core.StandardService.initInternal(StandardService.java:533)
		at org.apache.catalina.util.LifecycleBase.init(LifecycleBase.java:136)
		at org.apache.catalina.core.StandardServer.initInternal(StandardServer.java:1057)
		at org.apache.catalina.util.LifecycleBase.init(LifecycleBase.java:136)
		at org.apache.catalina.startup.Catalina.load(Catalina.java:724)
		at org.apache.catalina.startup.Catalina.load(Catalina.java:746)
		at sun.reflect.NativeMethodAccessorImpl.invoke0(Native Method)
		at sun.reflect.NativeMethodAccessorImpl.invoke(Unknown Source)
		at sun.reflect.DelegatingMethodAccessorImpl.invoke(Unknown Source)
		at java.lang.reflect.Method.invoke(Unknown Source)
		at org.apache.catalina.startup.Bootstrap.load(Bootstrap.java:302)
		at org.apache.catalina.startup.Bootstrap.main(Bootstrap.java:472)
	Caused by: java.net.BindException: Address already in use: bind
		at sun.nio.ch.Net.bind0(Native Method)
		at sun.nio.ch.Net.bind(Unknown Source)
		at sun.nio.ch.Net.bind(Unknown Source)
		at sun.nio.ch.ServerSocketChannelImpl.bind(Unknown Source)
		at sun.nio.ch.ServerSocketAdaptor.bind(Unknown Source)
		at org.apache.tomcat.util.net.NioEndpoint.initServerSocket(NioEndpoint.java:228)
		at org.apache.tomcat.util.net.NioEndpoint.bind(NioEndpoint.java:211)
		at org.apache.tomcat.util.net.AbstractEndpoint.bindWithCleanup(AbstractEndpoint.java:1141)
		at org.apache.tomcat.util.net.AbstractEndpoint.init(AbstractEndpoint.java:1154)
		at org.apache.coyote.AbstractProtocol.init(AbstractProtocol.java:581)
		at org.apache.coyote.http11.AbstractHttp11Protocol.init(AbstractHttp11Protocol.java:75)
		at org.apache.catalina.connector.Connector.initInternal(Connector.java:1039)
		... 13 more
16-Oct-2020 18:56:59.888 INFO [main] org.apache.catalina.startup.Catalina.load Server initialization in [620] milliseconds
16-Oct-2020 18:56:59.913 INFO [main] org.apache.catalina.core.StandardService.startInternal Starting service [Catalina]
16-Oct-2020 18:56:59.913 INFO [main] org.apache.catalina.core.StandardEngine.startInternal Starting Servlet engine: [Apache Tomcat/9.0.38]
16-Oct-2020 18:57:00.128 INFO [main] org.apache.catalina.startup.HostConfig.deployDirectory Deploying web application directory [C:\Users\ellerbee_james1\Documents\GitHub\mathLanguageWebApp\tomcat\webapps\host-manager]
16-Oct-2020 18:57:00.169 INFO [main] org.apache.catalina.startup.HostConfig.deployDirectory Deployment of web application directory [C:\Users\ellerbee_james1\Documents\GitHub\mathLanguageWebApp\tomcat\webapps\host-manager] has finished in [41] ms
16-Oct-2020 18:57:00.170 INFO [main] org.apache.catalina.startup.HostConfig.deployDirectory Deploying web application directory [C:\Users\ellerbee_james1\Documents\GitHub\mathLanguageWebApp\tomcat\webapps\manager]
16-Oct-2020 18:57:00.197 INFO [main] org.apache.catalina.startup.HostConfig.deployDirectory Deployment of web application directory [C:\Users\ellerbee_james1\Documents\GitHub\mathLanguageWebApp\tomcat\webapps\manager] has finished in [27] ms
16-Oct-2020 18:57:00.198 INFO [main] org.apache.catalina.startup.HostConfig.deployDirectory Deploying web application directory [C:\Users\ellerbee_james1\Documents\GitHub\mathLanguageWebApp\tomcat\webapps\mathApp]
16-Oct-2020 18:57:00.223 INFO [main] org.apache.catalina.startup.HostConfig.deployDirectory Deployment of web application directory [C:\Users\ellerbee_james1\Documents\GitHub\mathLanguageWebApp\tomcat\webapps\mathApp] has finished in [25] ms
16-Oct-2020 18:57:00.227 INFO [main] org.apache.catalina.startup.Catalina.start Server startup in [335] milliseconds
16-Oct-2020 18:57:00.230 SEVERE [main] org.apache.catalina.core.StandardServer.await Failed to create server shutdown socket on address [localhost] and port [8005] (base port [8005] and offset [0])
	java.net.BindException: Address already in use: JVM_Bind
		at java.net.DualStackPlainSocketImpl.bind0(Native Method)
		at java.net.DualStackPlainSocketImpl.socketBind(Unknown Source)
		at java.net.AbstractPlainSocketImpl.bind(Unknown Source)
		at java.net.PlainSocketImpl.bind(Unknown Source)
		at java.net.ServerSocket.bind(Unknown Source)
		at java.net.ServerSocket.<init>(Unknown Source)
		at org.apache.catalina.core.StandardServer.await(StandardServer.java:584)
		at org.apache.catalina.startup.Catalina.await(Catalina.java:864)
		at org.apache.catalina.startup.Catalina.start(Catalina.java:810)
		at sun.reflect.NativeMethodAccessorImpl.invoke0(Native Method)
		at sun.reflect.NativeMethodAccessorImpl.invoke(Unknown Source)
		at sun.reflect.DelegatingMethodAccessorImpl.invoke(Unknown Source)
		at java.lang.reflect.Method.invoke(Unknown Source)
		at org.apache.catalina.startup.Bootstrap.start(Bootstrap.java:342)
		at org.apache.catalina.startup.Bootstrap.main(Bootstrap.java:473)
16-Oct-2020 18:57:00.231 INFO [main] org.apache.coyote.AbstractProtocol.pause Pausing ProtocolHandler ["http-nio-8080"]
16-Oct-2020 18:57:00.231 INFO [main] org.apache.catalina.core.StandardService.stopInternal Stopping service [Catalina]
16-Oct-2020 18:57:00.243 INFO [main] org.apache.coyote.AbstractProtocol.stop Stopping ProtocolHandler ["http-nio-8080"]
16-Oct-2020 18:57:00.243 INFO [main] org.apache.coyote.AbstractProtocol.destroy Destroying ProtocolHandler ["http-nio-8080"]
16-Oct-2020 18:57:16.002 INFO [Catalina-utility-1] org.apache.catalina.core.StandardContext.reload Reloading Context with name [] has started
16-Oct-2020 18:57:16.027 INFO [Catalina-utility-1] org.apache.catalina.core.StandardContext.reload Reloading Context with name [] is completed
16-Oct-2020 18:57:16.028 INFO [Catalina-utility-1] org.apache.catalina.core.StandardContext.reload Reloading Context with name [/mathApp] has started
16-Oct-2020 18:57:16.046 INFO [Catalina-utility-1] org.apache.catalina.core.StandardContext.reload Reloading Context with name [/mathApp] is completed
