14-Oct-2020 12:33:28.546 INFO [main] org.apache.catalina.core.ApplicationContext.log ContextListener: contextInitialized()
14-Oct-2020 12:33:28.546 INFO [main] org.apache.catalina.core.ApplicationContext.log SessionListener: contextInitialized()
14-Oct-2020 12:33:28.548 INFO [main] org.apache.catalina.core.ApplicationContext.log ContextListener: attributeAdded('StockTicker', 'async.Stockticker@79ab3a71')
14-Oct-2020 12:34:55.833 INFO [Thread-3] org.apache.catalina.core.ApplicationContext.log SessionListener: contextDestroyed()
14-Oct-2020 12:34:55.833 INFO [Thread-3] org.apache.catalina.core.ApplicationContext.log ContextListener: contextDestroyed()
14-Oct-2020 12:34:58.398 INFO [main] org.apache.catalina.core.ApplicationContext.log ContextListener: contextInitialized()
14-Oct-2020 12:34:58.398 INFO [main] org.apache.catalina.core.ApplicationContext.log SessionListener: contextInitialized()
14-Oct-2020 12:34:58.399 INFO [main] org.apache.catalina.core.ApplicationContext.log ContextListener: attributeAdded('StockTicker', 'async.Stockticker@2bffa76d')
14-Oct-2020 12:36:24.261 INFO [Thread-3] org.apache.catalina.core.ApplicationContext.log SessionListener: contextDestroyed()
14-Oct-2020 12:36:24.261 INFO [Thread-3] org.apache.catalina.core.ApplicationContext.log ContextListener: contextDestroyed()
14-Oct-2020 12:36:26.933 INFO [main] org.apache.catalina.core.ApplicationContext.log ContextListener: contextInitialized()
14-Oct-2020 12:36:26.933 INFO [main] org.apache.catalina.core.ApplicationContext.log SessionListener: contextInitialized()
14-Oct-2020 12:36:26.934 INFO [main] org.apache.catalina.core.ApplicationContext.log ContextListener: attributeAdded('StockTicker', 'async.Stockticker@60b85ba1')
14-Oct-2020 12:46:39.502 INFO [Thread-3] org.apache.catalina.core.ApplicationContext.log SessionListener: contextDestroyed()
14-Oct-2020 12:46:39.502 INFO [Thread-3] org.apache.catalina.core.ApplicationContext.log ContextListener: contextDestroyed()
14-Oct-2020 12:46:42.763 INFO [main] org.apache.catalina.core.ApplicationContext.log ContextListener: contextInitialized()
14-Oct-2020 12:46:42.764 INFO [main] org.apache.catalina.core.ApplicationContext.log SessionListener: contextInitialized()
14-Oct-2020 12:46:42.766 INFO [main] org.apache.catalina.core.ApplicationContext.log ContextListener: attributeAdded('StockTicker', 'async.Stockticker@777c9dc9')
14-Oct-2020 12:47:23.238 INFO [Thread-3] org.apache.catalina.core.ApplicationContext.log SessionListener: contextDestroyed()
14-Oct-2020 12:47:23.238 INFO [Thread-3] org.apache.catalina.core.ApplicationContext.log ContextListener: contextDestroyed()
14-Oct-2020 12:51:32.511 INFO [main] org.apache.catalina.core.ApplicationContext.log ContextListener: contextInitialized()
14-Oct-2020 12:51:32.511 INFO [main] org.apache.catalina.core.ApplicationContext.log SessionListener: contextInitialized()
14-Oct-2020 12:51:32.513 INFO [main] org.apache.catalina.core.ApplicationContext.log ContextListener: attributeAdded('StockTicker', 'async.Stockticker@7726e185')
14-Oct-2020 12:53:29.586 INFO [Thread-3] org.apache.catalina.core.ApplicationContext.log SessionListener: contextDestroyed()
14-Oct-2020 12:53:29.586 INFO [Thread-3] org.apache.catalina.core.ApplicationContext.log ContextListener: contextDestroyed()
14-Oct-2020 12:54:38.653 INFO [main] org.apache.catalina.core.ApplicationContext.log ContextListener: contextInitialized()
14-Oct-2020 12:54:38.653 INFO [main] org.apache.catalina.core.ApplicationContext.log SessionListener: contextInitialized()
14-Oct-2020 12:54:38.654 INFO [main] org.apache.catalina.core.ApplicationContext.log ContextListener: attributeAdded('StockTicker', 'async.Stockticker@282308c3')
14-Oct-2020 12:54:58.731 INFO [Catalina-utility-1] org.apache.catalina.core.ApplicationContext.log SessionListener: contextDestroyed()
14-Oct-2020 12:54:58.732 INFO [Catalina-utility-1] org.apache.catalina.core.ApplicationContext.log ContextListener: contextDestroyed()
14-Oct-2020 12:54:58.988 INFO [Catalina-utility-1] org.apache.catalina.core.ApplicationContext.log ContextListener: contextInitialized()
14-Oct-2020 12:54:58.988 INFO [Catalina-utility-1] org.apache.catalina.core.ApplicationContext.log SessionListener: contextInitialized()
14-Oct-2020 12:54:58.989 INFO [Catalina-utility-1] org.apache.catalina.core.ApplicationContext.log ContextListener: attributeAdded('StockTicker', 'async.Stockticker@5dfdf714')
14-Oct-2020 12:55:29.077 INFO [Catalina-utility-1] org.apache.catalina.core.ApplicationContext.log SessionListener: contextDestroyed()
14-Oct-2020 12:55:29.077 INFO [Catalina-utility-1] org.apache.catalina.core.ApplicationContext.log ContextListener: contextDestroyed()
14-Oct-2020 12:55:29.214 INFO [Catalina-utility-1] org.apache.catalina.core.ApplicationContext.log ContextListener: contextInitialized()
14-Oct-2020 12:55:29.214 INFO [Catalina-utility-1] org.apache.catalina.core.ApplicationContext.log SessionListener: contextInitialized()
14-Oct-2020 12:55:29.215 INFO [Catalina-utility-1] org.apache.catalina.core.ApplicationContext.log ContextListener: attributeAdded('StockTicker', 'async.Stockticker@67946340')
14-Oct-2020 13:00:13.659 INFO [Thread-3] org.apache.catalina.core.ApplicationContext.log SessionListener: contextDestroyed()
14-Oct-2020 13:00:13.659 INFO [Thread-3] org.apache.catalina.core.ApplicationContext.log ContextListener: contextDestroyed()
14-Oct-2020 13:00:17.118 INFO [main] org.apache.catalina.core.ApplicationContext.log ContextListener: contextInitialized()
14-Oct-2020 13:00:17.118 INFO [main] org.apache.catalina.core.ApplicationContext.log SessionListener: contextInitialized()
14-Oct-2020 13:00:17.120 INFO [main] org.apache.catalina.core.ApplicationContext.log ContextListener: attributeAdded('StockTicker', 'async.Stockticker@75201592')
14-Oct-2020 13:00:38.479 INFO [Thread-3] org.apache.catalina.core.ApplicationContext.log SessionListener: contextDestroyed()
14-Oct-2020 13:00:38.480 INFO [Thread-3] org.apache.catalina.core.ApplicationContext.log ContextListener: contextDestroyed()
